This is XeTeX, Version 3.14159265-2.6-0.99999 (TeX Live 2018/Arch Linux) (preloaded format=xelatex 2019.4.27)  15 JUN 2019 11:30
entering extended mode
 restricted \write18 enabled.
 file:line:error style messages enabled.
 %&-line parsing enabled.
**presentazione.tex
(./presentazione.tex
LaTeX2e <2018-12-01>
(/usr/share/texmf-dist/tex/latex/beamer/beamer.cls
Document Class: beamer 2018/12/02 v3.55 A class for typesetting presentations
(/usr/share/texmf-dist/tex/latex/beamer/beamerbasemodes.sty (/usr/share/texmf-dist/tex/latex/etoolbox/etoolbox.sty
Package: etoolbox 2018/08/19 v2.5f e-TeX tools for LaTeX (JAW)
\etb@tempcnta=\count80
)
\beamer@tempbox=\box27
\beamer@tempcount=\count81
\c@beamerpauses=\count82
 (/usr/share/texmf-dist/tex/latex/beamer/beamerbasedecode.sty
\beamer@slideinframe=\count83
\beamer@minimum=\count84
)
\beamer@commentbox=\box28
\beamer@modecount=\count85
) (/usr/share/texmf-dist/tex/generic/oberdiek/ifpdf.sty
Package: ifpdf 2018/09/07 v3.3 Provides the ifpdf switch
)
\headdp=\dimen102
\footheight=\dimen103
\sidebarheight=\dimen104
\beamer@tempdim=\dimen105
\beamer@finalheight=\dimen106
\beamer@animht=\dimen107
\beamer@animdp=\dimen108
\beamer@animwd=\dimen109
\beamer@leftmargin=\dimen110
\beamer@rightmargin=\dimen111
\beamer@leftsidebar=\dimen112
\beamer@rightsidebar=\dimen113
\beamer@boxsize=\dimen114
\beamer@vboxoffset=\dimen115
\beamer@descdefault=\dimen116
\beamer@descriptionwidth=\dimen117
\beamer@lastskip=\skip41
\beamer@areabox=\box29
\beamer@animcurrent=\box30
\beamer@animshowbox=\box31
\beamer@sectionbox=\box32
\beamer@logobox=\box33
\beamer@linebox=\box34
\beamer@sectioncount=\count86
\beamer@subsubsectionmax=\count87
\beamer@subsectionmax=\count88
\beamer@sectionmax=\count89
\beamer@totalheads=\count90
\beamer@headcounter=\count91
\beamer@partstartpage=\count92
\beamer@sectionstartpage=\count93
\beamer@subsectionstartpage=\count94
\beamer@animationtempa=\count95
\beamer@animationtempb=\count96
\beamer@xpos=\count97
\beamer@ypos=\count98
\beamer@ypos@offset=\count99
\beamer@showpartnumber=\count100
\beamer@currentsubsection=\count101
\beamer@coveringdepth=\count102
\beamer@sectionadjust=\count103
\beamer@tocsectionnumber=\count104
 (/usr/share/texmf-dist/tex/latex/beamer/beamerbaseoptions.sty (/usr/share/texmf-dist/tex/latex/graphics/keyval.sty
Package: keyval 2014/10/28 v1.15 key=value parser (DPC)
\KV@toks@=\toks14
))
\beamer@paperwidth=\skip42
\beamer@paperheight=\skip43
 (/usr/share/texmf-dist/tex/latex/geometry/geometry.sty
Package: geometry 2018/04/16 v5.8 Page Geometry
 (/usr/share/texmf-dist/tex/generic/oberdiek/ifvtex.sty
Package: ifvtex 2016/05/16 v1.6 Detect VTeX and its facilities (HO)
Package ifvtex Info: VTeX not detected.
) (/usr/share/texmf-dist/tex/generic/ifxetex/ifxetex.sty
Package: ifxetex 2010/09/12 v0.6 Provides ifxetex conditional
)
\Gm@cnth=\count105
\Gm@cntv=\count106
\c@Gm@tempcnt=\count107
\Gm@bindingoffset=\dimen118
\Gm@wd@mp=\dimen119
\Gm@odd@mp=\dimen120
\Gm@even@mp=\dimen121
\Gm@layoutwidth=\dimen122
\Gm@layoutheight=\dimen123
\Gm@layouthoffset=\dimen124
\Gm@layoutvoffset=\dimen125
\Gm@dimlist=\toks15
) (/usr/share/texmf-dist/tex/latex/extsizes/size9.clo
File: size9.clo 1999/11/11 v1.4a NON-Standard LaTeX file (size option)
) (/usr/share/texmf-dist/tex/latex/pgf/basiclayer/pgfcore.sty (/usr/share/texmf-dist/tex/latex/graphics/graphicx.sty
Package: graphicx 2017/06/01 v1.1a Enhanced LaTeX Graphics (DPC,SPQR)
 (/usr/share/texmf-dist/tex/latex/graphics/graphics.sty
Package: graphics 2017/06/25 v1.2c Standard LaTeX Graphics (DPC,SPQR)
 (/usr/share/texmf-dist/tex/latex/graphics/trig.sty
Package: trig 2016/01/03 v1.10 sin cos tan (DPC)
) (/usr/share/texmf-dist/tex/latex/graphics-cfg/graphics.cfg
File: graphics.cfg 2016/06/04 v1.11 sample graphics configuration
)
Package graphics Info: Driver file: xetex.def on input line 99.
 (/usr/share/texmf-dist/tex/latex/graphics-def/xetex.def
File: xetex.def 2017/06/24 v5.0h Graphics/color driver for xetex
))
\Gin@req@height=\dimen126
\Gin@req@width=\dimen127
) (/usr/share/texmf-dist/tex/latex/pgf/systemlayer/pgfsys.sty
(/usr/share/texmf-dist/tex/latex/pgf/utilities/pgfrcs.sty (/usr/share/texmf-dist/tex/generic/pgf/utilities/pgfutil-common.tex
\pgfutil@everybye=\toks16
\pgfutil@tempdima=\dimen128
\pgfutil@tempdimb=\dimen129
 (/usr/share/texmf-dist/tex/generic/pgf/utilities/pgfutil-common-lists.tex)) (/usr/share/texmf-dist/tex/generic/pgf/utilities/pgfutil-latex.def
\pgfutil@abb=\box35
 (/usr/share/texmf-dist/tex/latex/ms/everyshi.sty
Package: everyshi 2001/05/15 v3.00 EveryShipout Package (MS)
)) (/usr/share/texmf-dist/tex/generic/pgf/utilities/pgfrcs.code.tex (/usr/share/texmf-dist/tex/generic/pgf/pgf.revision.tex)
Package: pgfrcs 2019/02/02 v3.1.1 (3.1.1)
)) (/usr/share/texmf-dist/tex/generic/pgf/systemlayer/pgfsys.code.tex
Package: pgfsys 2019/02/02 v3.1.1 (3.1.1)
 (/usr/share/texmf-dist/tex/generic/pgf/utilities/pgfkeys.code.tex
\pgfkeys@pathtoks=\toks17
\pgfkeys@temptoks=\toks18
 (/usr/share/texmf-dist/tex/generic/pgf/utilities/pgfkeysfiltered.code.tex
\pgfkeys@tmptoks=\toks19
))
\pgf@x=\dimen130
\pgf@y=\dimen131
\pgf@xa=\dimen132
\pgf@ya=\dimen133
\pgf@xb=\dimen134
\pgf@yb=\dimen135
\pgf@xc=\dimen136
\pgf@yc=\dimen137
\w@pgf@writea=\write3
\r@pgf@reada=\read1
\c@pgf@counta=\count108
\c@pgf@countb=\count109
\c@pgf@countc=\count110
\c@pgf@countd=\count111
\t@pgf@toka=\toks20
\t@pgf@tokb=\toks21
\t@pgf@tokc=\toks22
\pgf@sys@id@count=\count112
 (/usr/share/texmf-dist/tex/generic/pgf/systemlayer/pgf.cfg
File: pgf.cfg 2019/02/02 v3.1.1 (3.1.1)
)
Driver file for pgf: pgfsys-xetex.def
 (/usr/share/texmf-dist/tex/generic/pgf/systemlayer/pgfsys-xetex.def
File: pgfsys-xetex.def 2019/02/02 v3.1.1 (3.1.1)
 (/usr/share/texmf-dist/tex/generic/pgf/systemlayer/pgfsys-dvipdfmx.def
File: pgfsys-dvipdfmx.def 2019/02/02 v3.1.1 (3.1.1)
 (/usr/share/texmf-dist/tex/generic/pgf/systemlayer/pgfsys-common-pdf.def
File: pgfsys-common-pdf.def 2019/02/02 v3.1.1 (3.1.1)
)
\pgfsys@objnum=\count113
)))
(/usr/share/texmf-dist/tex/generic/pgf/systemlayer/pgfsyssoftpath.code.tex
File: pgfsyssoftpath.code.tex 2019/02/02 v3.1.1 (3.1.1)
\pgfsyssoftpath@smallbuffer@items=\count114
\pgfsyssoftpath@bigbuffer@items=\count115
) (/usr/share/texmf-dist/tex/generic/pgf/systemlayer/pgfsysprotocol.code.tex
File: pgfsysprotocol.code.tex 2019/02/02 v3.1.1 (3.1.1)
)) (/usr/share/texmf-dist/tex/latex/xcolor/xcolor.sty
Package: xcolor 2016/05/11 v2.12 LaTeX color extensions (UK)
 (/usr/share/texmf-dist/tex/latex/graphics-cfg/color.cfg
File: color.cfg 2016/01/02 v1.6 sample color configuration
)
Package xcolor Info: Driver file: xetex.def on input line 225.
Package xcolor Info: Model `cmy' substituted by `cmy0' on input line 1348.
Package xcolor Info: Model `RGB' extended on input line 1364.
Package xcolor Info: Model `HTML' substituted by `rgb' on input line 1366.
Package xcolor Info: Model `Hsb' substituted by `hsb' on input line 1367.
Package xcolor Info: Model `tHsb' substituted by `hsb' on input line 1368.
Package xcolor Info: Model `HSB' substituted by `hsb' on input line 1369.
Package xcolor Info: Model `Gray' substituted by `gray' on input line 1370.
Package xcolor Info: Model `wave' substituted by `hsb' on input line 1371.
) (/usr/share/texmf-dist/tex/generic/pgf/basiclayer/pgfcore.code.tex
Package: pgfcore 2019/02/02 v3.1.1 (3.1.1)
 (/usr/share/texmf-dist/tex/generic/pgf/math/pgfmath.code.tex (/usr/share/texmf-dist/tex/generic/pgf/math/pgfmathcalc.code.tex (/usr/share/texmf-dist/tex/generic/pgf/math/pgfmathutil.code.tex) (/usr/share/texmf-dist/tex/generic/pgf/math/pgfmathparser.code.tex
\pgfmath@dimen=\dimen138
\pgfmath@count=\count116
\pgfmath@box=\box36
\pgfmath@toks=\toks23
\pgfmath@stack@operand=\toks24
\pgfmath@stack@operation=\toks25
) (/usr/share/texmf-dist/tex/generic/pgf/math/pgfmathfunctions.code.tex (/usr/share/texmf-dist/tex/generic/pgf/math/pgfmathfunctions.basic.code.tex) (/usr/share/texmf-dist/tex/generic/pgf/math/pgfmathfunctions.trigonometric.code.tex) (/usr/share/texmf-dist/tex/generic/pgf/math/pgfmathfunctions.random.code.tex) (/usr/share/texmf-dist/tex/generic/pgf/math/pgfmathfunctions.comparison.code.tex)
(/usr/share/texmf-dist/tex/generic/pgf/math/pgfmathfunctions.base.code.tex) (/usr/share/texmf-dist/tex/generic/pgf/math/pgfmathfunctions.round.code.tex) (/usr/share/texmf-dist/tex/generic/pgf/math/pgfmathfunctions.misc.code.tex) (/usr/share/texmf-dist/tex/generic/pgf/math/pgfmathfunctions.integerarithmetics.code.tex))) (/usr/share/texmf-dist/tex/generic/pgf/math/pgfmathfloat.code.tex
\c@pgfmathroundto@lastzeros=\count117
)) (/usr/share/texmf-dist/tex/generic/pgf/basiclayer/pgfcorepoints.code.tex
File: pgfcorepoints.code.tex 2019/02/02 v3.1.1 (3.1.1)
\pgf@picminx=\dimen139
\pgf@picmaxx=\dimen140
\pgf@picminy=\dimen141
\pgf@picmaxy=\dimen142
\pgf@pathminx=\dimen143
\pgf@pathmaxx=\dimen144
\pgf@pathminy=\dimen145
\pgf@pathmaxy=\dimen146
\pgf@xx=\dimen147
\pgf@xy=\dimen148
\pgf@yx=\dimen149
\pgf@yy=\dimen150
\pgf@zx=\dimen151
\pgf@zy=\dimen152
) (/usr/share/texmf-dist/tex/generic/pgf/basiclayer/pgfcorepathconstruct.code.tex
File: pgfcorepathconstruct.code.tex 2019/02/02 v3.1.1 (3.1.1)
\pgf@path@lastx=\dimen153
\pgf@path@lasty=\dimen154
) (/usr/share/texmf-dist/tex/generic/pgf/basiclayer/pgfcorepathusage.code.tex
File: pgfcorepathusage.code.tex 2019/02/02 v3.1.1 (3.1.1)
\pgf@shorten@end@additional=\dimen155
\pgf@shorten@start@additional=\dimen156
) (/usr/share/texmf-dist/tex/generic/pgf/basiclayer/pgfcorescopes.code.tex
File: pgfcorescopes.code.tex 2019/02/02 v3.1.1 (3.1.1)
\pgfpic=\box37
\pgf@hbox=\box38
\pgf@layerbox@main=\box39
\pgf@picture@serial@count=\count118
) (/usr/share/texmf-dist/tex/generic/pgf/basiclayer/pgfcoregraphicstate.code.tex
File: pgfcoregraphicstate.code.tex 2019/02/02 v3.1.1 (3.1.1)
\pgflinewidth=\dimen157
) (/usr/share/texmf-dist/tex/generic/pgf/basiclayer/pgfcoretransformations.code.tex
File: pgfcoretransformations.code.tex 2019/02/02 v3.1.1 (3.1.1)
\pgf@pt@x=\dimen158
\pgf@pt@y=\dimen159
\pgf@pt@temp=\dimen160
) (/usr/share/texmf-dist/tex/generic/pgf/basiclayer/pgfcorequick.code.tex
File: pgfcorequick.code.tex 2019/02/02 v3.1.1 (3.1.1)
)
(/usr/share/texmf-dist/tex/generic/pgf/basiclayer/pgfcoreobjects.code.tex
File: pgfcoreobjects.code.tex 2019/02/02 v3.1.1 (3.1.1)
) (/usr/share/texmf-dist/tex/generic/pgf/basiclayer/pgfcorepathprocessing.code.tex
File: pgfcorepathprocessing.code.tex 2019/02/02 v3.1.1 (3.1.1)
) (/usr/share/texmf-dist/tex/generic/pgf/basiclayer/pgfcorearrows.code.tex
File: pgfcorearrows.code.tex 2019/02/02 v3.1.1 (3.1.1)
\pgfarrowsep=\dimen161
) (/usr/share/texmf-dist/tex/generic/pgf/basiclayer/pgfcoreshade.code.tex
File: pgfcoreshade.code.tex 2019/02/02 v3.1.1 (3.1.1)
\pgf@max=\dimen162
\pgf@sys@shading@range@num=\count119
) (/usr/share/texmf-dist/tex/generic/pgf/basiclayer/pgfcoreimage.code.tex
File: pgfcoreimage.code.tex 2019/02/02 v3.1.1 (3.1.1)
 (/usr/share/texmf-dist/tex/generic/pgf/basiclayer/pgfcoreexternal.code.tex
File: pgfcoreexternal.code.tex 2019/02/02 v3.1.1 (3.1.1)
\pgfexternal@startupbox=\box40
)) (/usr/share/texmf-dist/tex/generic/pgf/basiclayer/pgfcorelayers.code.tex
File: pgfcorelayers.code.tex 2019/02/02 v3.1.1 (3.1.1)
) (/usr/share/texmf-dist/tex/generic/pgf/basiclayer/pgfcoretransparency.code.tex
File: pgfcoretransparency.code.tex 2019/02/02 v3.1.1 (3.1.1)
) (/usr/share/texmf-dist/tex/generic/pgf/basiclayer/pgfcorepatterns.code.tex
File: pgfcorepatterns.code.tex 2019/02/02 v3.1.1 (3.1.1)
) (/usr/share/texmf-dist/tex/generic/pgf/basiclayer/pgfcorerdf.code.tex
File: pgfcorerdf.code.tex 2019/02/02 v3.1.1 (3.1.1)
))) (/usr/share/texmf-dist/tex/latex/pgf/utilities/xxcolor.sty
Package: xxcolor 2003/10/24 ver 0.1
\XC@nummixins=\count120
\XC@countmixins=\count121
) (/usr/share/texmf-dist/tex/generic/oberdiek/atbegshi.sty
Package: atbegshi 2016/06/09 v1.18 At begin shipout hook (HO)
 (/usr/share/texmf-dist/tex/generic/oberdiek/infwarerr.sty
Package: infwarerr 2016/05/16 v1.4 Providing info/warning/error messages (HO)
) (/usr/share/texmf-dist/tex/generic/oberdiek/ltxcmds.sty
Package: ltxcmds 2016/05/16 v1.23 LaTeX kernel commands for general use (HO)
))
(/usr/share/texmf-dist/tex/latex/hyperref/hyperref.sty
Package: hyperref 2018/11/30 v6.88e Hypertext links for LaTeX
 (/usr/share/texmf-dist/tex/generic/oberdiek/hobsub-hyperref.sty
Package: hobsub-hyperref 2016/05/16 v1.14 Bundle oberdiek, subset hyperref (HO)
 (/usr/share/texmf-dist/tex/generic/oberdiek/hobsub-generic.sty
Package: hobsub-generic 2016/05/16 v1.14 Bundle oberdiek, subset generic (HO)
Package: hobsub 2016/05/16 v1.14 Construct package bundles (HO)
Package hobsub Info: Skipping package `infwarerr' (already loaded).
Package hobsub Info: Skipping package `ltxcmds' (already loaded).
Package: ifluatex 2016/05/16 v1.4 Provides the ifluatex switch (HO)
Package ifluatex Info: LuaTeX not detected.
Package hobsub Info: Skipping package `ifvtex' (already loaded).
Package: intcalc 2016/05/16 v1.2 Expandable calculations with integers (HO)
Package hobsub Info: Skipping package `ifpdf' (already loaded).
Package: etexcmds 2016/05/16 v1.6 Avoid name clashes with e-TeX commands (HO)
Package etexcmds Info: Could not find \expanded.
(etexcmds)             That can mean that you are not using pdfTeX 1.50 or
(etexcmds)             that some package has redefined \expanded.
(etexcmds)             In the latter case, load this package earlier.
Package: kvsetkeys 2016/05/16 v1.17 Key value parser (HO)
Package: kvdefinekeys 2016/05/16 v1.4 Define keys (HO)
Package: pdftexcmds 2018/09/10 v0.29 Utility functions of pdfTeX for LuaTeX (HO)
Package pdftexcmds Info: LuaTeX not detected.
Package pdftexcmds Info: pdfTeX >= 1.30 not detected.
Package pdftexcmds Info: \pdf@primitive is available.
Package pdftexcmds Info: \pdf@ifprimitive is available.
Package pdftexcmds Info: \pdfdraftmode not found.
Package: pdfescape 2016/05/16 v1.14 Implements pdfTeX's escape features (HO)
Package: bigintcalc 2016/05/16 v1.4 Expandable calculations on big integers (HO)
Package: bitset 2016/05/16 v1.2 Handle bit-vector datatype (HO)
Package: uniquecounter 2016/05/16 v1.3 Provide unlimited unique counter (HO)
)
Package hobsub Info: Skipping package `hobsub' (already loaded).
Package: letltxmacro 2016/05/16 v1.5 Let assignment for LaTeX macros (HO)
Package: hopatch 2016/05/16 v1.3 Wrapper for package hooks (HO)
Package: xcolor-patch 2016/05/16 xcolor patch
Package: atveryend 2016/05/16 v1.9 Hooks at the very end of document (HO)
Package hobsub Info: Skipping package `atbegshi' (already loaded).
Package: refcount 2016/05/16 v3.5 Data extraction from label references (HO)
Package: hycolor 2016/05/16 v1.8 Color options for hyperref/bookmark (HO)
) (/usr/share/texmf-dist/tex/latex/oberdiek/auxhook.sty
Package: auxhook 2016/05/16 v1.4 Hooks for auxiliary files (HO)
) (/usr/share/texmf-dist/tex/latex/oberdiek/kvoptions.sty
Package: kvoptions 2016/05/16 v3.12 Key value format for package options (HO)
)
\@linkdim=\dimen163
\Hy@linkcounter=\count122
\Hy@pagecounter=\count123
 (/usr/share/texmf-dist/tex/latex/hyperref/pd1enc.def
File: pd1enc.def 2018/11/30 v6.88e Hyperref: PDFDocEncoding definition (HO)
)
\Hy@SavedSpaceFactor=\count124
 (/usr/share/texmf-dist/tex/latex/latexconfig/hyperref.cfg
File: hyperref.cfg 2002/06/06 v1.2 hyperref configuration of TeXLive
)
Package hyperref Info: Option `bookmarks' set `true' on input line 4393.
Package hyperref Info: Option `bookmarksopen' set `true' on input line 4393.
Package hyperref Info: Option `implicit' set `false' on input line 4393.
Package hyperref Info: Hyper figures OFF on input line 4519.
Package hyperref Info: Link nesting OFF on input line 4524.
Package hyperref Info: Hyper index ON on input line 4527.
Package hyperref Info: Plain pages OFF on input line 4534.
Package hyperref Info: Backreferencing OFF on input line 4539.
Package hyperref Info: Implicit mode OFF; no redefinition of LaTeX internals.
Package hyperref Info: Bookmarks ON on input line 4772.
\c@Hy@tempcnt=\count125
 (/usr/share/texmf-dist/tex/latex/url/url.sty
\Urlmuskip=\muskip10
Package: url 2013/09/16  ver 3.4  Verb mode for urls, etc.
)
LaTeX Info: Redefining \url on input line 5125.
\XeTeXLinkMargin=\dimen164
\Fld@menulength=\count126
\Field@Width=\dimen165
\Fld@charsize=\dimen166
Package hyperref Info: Hyper figures OFF on input line 6380.
Package hyperref Info: Link nesting OFF on input line 6385.
Package hyperref Info: Hyper index ON on input line 6388.
Package hyperref Info: backreferencing OFF on input line 6395.
Package hyperref Info: Link coloring OFF on input line 6400.
Package hyperref Info: Link coloring with OCG OFF on input line 6405.
Package hyperref Info: PDF/A mode OFF on input line 6410.
LaTeX Info: Redefining \ref on input line 6450.
LaTeX Info: Redefining \pageref on input line 6454.
\Hy@abspage=\count127


Package hyperref Message: Stopped early.

)
Package hyperref Info: Driver (autodetected): hxetex.
 (/usr/share/texmf-dist/tex/latex/hyperref/hxetex.def
File: hxetex.def 2018/11/30 v6.88e Hyperref driver for XeTeX
 (/usr/share/texmf-dist/tex/latex/hyperref/puenc.def
File: puenc.def 2018/11/30 v6.88e Hyperref: PDF Unicode definition (HO)
) (/usr/share/texmf-dist/tex/generic/oberdiek/stringenc.sty
Package: stringenc 2016/05/16 v1.11 Convert strings between diff. encodings (HO)
)
\pdfm@box=\box41
\c@Hy@AnnotLevel=\count128
\HyField@AnnotCount=\count129
\Fld@listcount=\count130
\c@bookmark@seq@number=\count131
 (/usr/share/texmf-dist/tex/latex/oberdiek/rerunfilecheck.sty
Package: rerunfilecheck 2016/05/16 v1.8 Rerun checks for auxiliary files (HO)
Package uniquecounter Info: New unique counter `rerunfilecheck' on input line 282.
)) (/usr/share/texmf-dist/tex/generic/oberdiek/se-ascii-print.def
File: se-ascii-print.def 2016/05/16 v1.11 stringenc: Printable ASCII characters
) (/usr/share/texmf-dist/tex/latex/beamer/beamerbaserequires.sty (/usr/share/texmf-dist/tex/latex/beamer/beamerbasecompatibility.sty) (/usr/share/texmf-dist/tex/latex/beamer/beamerbasefont.sty (/usr/share/texmf-dist/tex/latex/amsfonts/amssymb.sty
Package: amssymb 2013/01/14 v3.01 AMS font symbols
 (/usr/share/texmf-dist/tex/latex/amsfonts/amsfonts.sty
Package: amsfonts 2013/01/14 v3.01 Basic AMSFonts support
\@emptytoks=\toks26
\symAMSa=\mathgroup4
\symAMSb=\mathgroup5
LaTeX Font Info:    Overwriting math alphabet `\mathfrak' in version `bold'
(Font)                  U/euf/m/n --> U/euf/b/n on input line 106.
)) (/usr/share/texmf-dist/tex/latex/sansmathaccent/sansmathaccent.sty
Package: sansmathaccent 2013/03/28
 (/usr/share/texmf-dist/tex/latex/filehook/filehook.sty
Package: filehook 2011/10/12 v0.5d Hooks for input files
))) (/usr/share/texmf-dist/tex/latex/beamer/beamerbasetranslator.sty (/usr/share/texmf-dist/tex/latex/translator/translator.sty
Package: translator 2018/01/04 v1.12 Easy translation of strings in LaTeX
)) (/usr/share/texmf-dist/tex/latex/beamer/beamerbasemisc.sty) (/usr/share/texmf-dist/tex/latex/beamer/beamerbasetwoscreens.sty)
(/usr/share/texmf-dist/tex/latex/beamer/beamerbaseoverlay.sty
\beamer@argscount=\count132
\beamer@lastskipcover=\skip44
\beamer@trivlistdepth=\count133
) (/usr/share/texmf-dist/tex/latex/beamer/beamerbasetitle.sty) (/usr/share/texmf-dist/tex/latex/beamer/beamerbasesection.sty
\c@lecture=\count134
\c@part=\count135
\c@section=\count136
\c@subsection=\count137
\c@subsubsection=\count138
) (/usr/share/texmf-dist/tex/latex/beamer/beamerbaseframe.sty
\beamer@framebox=\box42
\beamer@frametitlebox=\box43
\beamer@zoombox=\box44
\beamer@zoomcount=\count139
\beamer@zoomframecount=\count140
\beamer@frametextheight=\dimen167
\c@subsectionslide=\count141
\beamer@frametopskip=\skip45
\beamer@framebottomskip=\skip46
\beamer@frametopskipautobreak=\skip47
\beamer@framebottomskipautobreak=\skip48
\beamer@envbody=\toks27
\framewidth=\dimen168
\c@framenumber=\count142
) (/usr/share/texmf-dist/tex/latex/beamer/beamerbaseverbatim.sty
\beamer@verbatimfileout=\write4
) (/usr/share/texmf-dist/tex/latex/beamer/beamerbaseframesize.sty
\beamer@splitbox=\box45
\beamer@autobreakcount=\count143
\beamer@autobreaklastheight=\dimen169
\beamer@frametitletoks=\toks28
\beamer@framesubtitletoks=\toks29
) (/usr/share/texmf-dist/tex/latex/beamer/beamerbaseframecomponents.sty
\beamer@footins=\box46
) (/usr/share/texmf-dist/tex/latex/beamer/beamerbasecolor.sty) (/usr/share/texmf-dist/tex/latex/beamer/beamerbasenotes.sty
\beamer@frameboxcopy=\box47
) (/usr/share/texmf-dist/tex/latex/beamer/beamerbasetoc.sty) (/usr/share/texmf-dist/tex/latex/beamer/beamerbasetemplates.sty
\beamer@sbttoks=\toks30
 (/usr/share/texmf-dist/tex/latex/beamer/beamerbaseauxtemplates.sty (/usr/share/texmf-dist/tex/latex/beamer/beamerbaseboxes.sty
\bmb@box=\box48
\bmb@colorbox=\box49
\bmb@boxshadow=\box50
\bmb@boxshadowball=\box51
\bmb@boxshadowballlarge=\box52
\bmb@temp=\dimen170
\bmb@dima=\dimen171
\bmb@dimb=\dimen172
\bmb@prevheight=\dimen173
)
\beamer@blockheadheight=\dimen174
)) (/usr/share/texmf-dist/tex/latex/beamer/beamerbaselocalstructure.sty (/usr/share/texmf-dist/tex/latex/tools/enumerate.sty
Package: enumerate 2015/07/23 v3.00 enumerate extensions (DPC)
\@enLab=\toks31
)
\c@figure=\count144
\c@table=\count145
\abovecaptionskip=\skip49
\belowcaptionskip=\skip50
)
(/usr/share/texmf-dist/tex/latex/beamer/beamerbasenavigation.sty
\beamer@section@min@dim=\dimen175
) (/usr/share/texmf-dist/tex/latex/beamer/beamerbasetheorems.sty (/usr/share/texmf-dist/tex/latex/amsmath/amsmath.sty
Package: amsmath 2018/12/01 v2.17b AMS math features
\@mathmargin=\skip51

For additional information on amsmath, use the `?' option.
(/usr/share/texmf-dist/tex/latex/amsmath/amstext.sty
Package: amstext 2000/06/29 v2.01 AMS text
 (/usr/share/texmf-dist/tex/latex/amsmath/amsgen.sty
File: amsgen.sty 1999/11/30 v2.0 generic functions
\@emptytoks=\toks32
\ex@=\dimen176
)) (/usr/share/texmf-dist/tex/latex/amsmath/amsbsy.sty
Package: amsbsy 1999/11/29 v1.2d Bold Symbols
\pmbraise@=\dimen177
) (/usr/share/texmf-dist/tex/latex/amsmath/amsopn.sty
Package: amsopn 2016/03/08 v2.02 operator names
)
\inf@bad=\count146
LaTeX Info: Redefining \frac on input line 223.
\uproot@=\count147
\leftroot@=\count148
LaTeX Info: Redefining \overline on input line 385.
\classnum@=\count149
\DOTSCASE@=\count150
LaTeX Info: Redefining \ldots on input line 482.
LaTeX Info: Redefining \dots on input line 485.
LaTeX Info: Redefining \cdots on input line 606.
\Mathstrutbox@=\box53
\strutbox@=\box54
\big@size=\dimen178
LaTeX Font Info:    Redeclaring font encoding OML on input line 729.
LaTeX Font Info:    Redeclaring font encoding OMS on input line 730.
\macc@depth=\count151
\c@MaxMatrixCols=\count152
\dotsspace@=\muskip11
\c@parentequation=\count153
\dspbrk@lvl=\count154
\tag@help=\toks33
\row@=\count155
\column@=\count156
\maxfields@=\count157
\andhelp@=\toks34
\eqnshift@=\dimen179
\alignsep@=\dimen180
\tagshift@=\dimen181
\tagwidth@=\dimen182
\totwidth@=\dimen183
\lineht@=\dimen184
\@envbody=\toks35
\multlinegap=\skip52
\multlinetaggap=\skip53
\mathdisplay@stack=\toks36
LaTeX Info: Redefining \[ on input line 2844.
LaTeX Info: Redefining \] on input line 2845.
) (/usr/share/texmf-dist/tex/latex/amscls/amsthm.sty
Package: amsthm 2017/10/31 v2.20.4
\thm@style=\toks37
\thm@bodyfont=\toks38
\thm@headfont=\toks39
\thm@notefont=\toks40
\thm@headpunct=\toks41
\thm@preskip=\skip54
\thm@postskip=\skip55
\thm@headsep=\skip56
\dth@everypar=\toks42
)
\c@theorem=\count158
) (/usr/share/texmf-dist/tex/latex/beamer/beamerbasethemes.sty)) (/usr/share/texmf-dist/tex/latex/beamer/beamerthemedefault.sty (/usr/share/texmf-dist/tex/latex/beamer/beamerfontthemedefault.sty) (/usr/share/texmf-dist/tex/latex/beamer/beamercolorthemedefault.sty) (/usr/share/texmf-dist/tex/latex/beamer/beamerinnerthemedefault.sty
\beamer@dima=\dimen185
\beamer@dimb=\dimen186
) (/usr/share/texmf-dist/tex/latex/beamer/beamerouterthemedefault.sty))) (/usr/share/texmf-dist/tex/latex/mhchem/mhchem.sty
Package: mhchem 2018/06/22 v4.08 for typesetting chemical formulae
 (/usr/share/texmf-dist/tex/latex/l3kernel/expl3.sty
Package: expl3 2019-02-15 L3 programming layer (loader) 
 (/usr/share/texmf-dist/tex/latex/l3kernel/expl3-code.tex
Package: expl3 2019-02-15 L3 programming layer (code)
\c_max_int=\count159
\l_tmpa_int=\count160
\l_tmpb_int=\count161
\g_tmpa_int=\count162
\g_tmpb_int=\count163
\g__kernel_prg_map_int=\count164
\c_log_iow=\count165
\l_iow_line_count_int=\count166
\l__iow_line_target_int=\count167
\l__iow_one_indent_int=\count168
\l__iow_indent_int=\count169
\c_zero_dim=\dimen187
\c_max_dim=\dimen188
\l_tmpa_dim=\dimen189
\l_tmpb_dim=\dimen190
\g_tmpa_dim=\dimen191
\g_tmpb_dim=\dimen192
\c_zero_skip=\skip57
\c_max_skip=\skip58
\l_tmpa_skip=\skip59
\l_tmpb_skip=\skip60
\g_tmpa_skip=\skip61
\g_tmpb_skip=\skip62
\c_zero_muskip=\muskip12
\c_max_muskip=\muskip13
\l_tmpa_muskip=\muskip14
\l_tmpb_muskip=\muskip15
\g_tmpa_muskip=\muskip16
\g_tmpb_muskip=\muskip17
\l_keys_choice_int=\count170
\l__intarray_loop_int=\count171
\c__intarray_sp_dim=\dimen193
\g__intarray_font_int=\count172
\c__fp_leading_shift_int=\count173
\c__fp_middle_shift_int=\count174
\c__fp_trailing_shift_int=\count175
\c__fp_big_leading_shift_int=\count176
\c__fp_big_middle_shift_int=\count177
\c__fp_big_trailing_shift_int=\count178
\c__fp_Bigg_leading_shift_int=\count179
\c__fp_Bigg_middle_shift_int=\count180
\c__fp_Bigg_trailing_shift_int=\count181
\g__fp_array_int=\count182
\l__fp_array_loop_int=\count183
\l__sort_length_int=\count184
\l__sort_min_int=\count185
\l__sort_top_int=\count186
\l__sort_max_int=\count187
\l__sort_true_max_int=\count188
\l__sort_block_int=\count189
\l__sort_begin_int=\count190
\l__sort_end_int=\count191
\l__sort_A_int=\count192
\l__sort_B_int=\count193
\l__sort_C_int=\count194
\l__tl_analysis_normal_int=\count195
\l__tl_analysis_index_int=\count196
\l__tl_analysis_nesting_int=\count197
\l__tl_analysis_type_int=\count198
\l__regex_internal_a_int=\count199
\l__regex_internal_b_int=\count266
\l__regex_internal_c_int=\count267
\l__regex_balance_int=\count268
\l__regex_group_level_int=\count269
\l__regex_mode_int=\count270
\c__regex_cs_in_class_mode_int=\count271
\c__regex_cs_mode_int=\count272
\l__regex_catcodes_int=\count273
\l__regex_default_catcodes_int=\count274
\c__regex_catcode_L_int=\count275
\c__regex_catcode_O_int=\count276
\c__regex_catcode_A_int=\count277
\c__regex_all_catcodes_int=\count278
\l__regex_show_lines_int=\count279
\l__regex_min_state_int=\count280
\l__regex_max_state_int=\count281
\l__regex_left_state_int=\count282
\l__regex_right_state_int=\count283
\l__regex_capturing_group_int=\count284
\l__regex_min_pos_int=\count285
\l__regex_max_pos_int=\count286
\l__regex_curr_pos_int=\count287
\l__regex_start_pos_int=\count288
\l__regex_success_pos_int=\count289
\l__regex_curr_char_int=\count290
\l__regex_curr_catcode_int=\count291
\l__regex_last_char_int=\count292
\l__regex_case_changed_char_int=\count293
\l__regex_curr_state_int=\count294
\l__regex_step_int=\count295
\l__regex_min_active_int=\count296
\l__regex_max_active_int=\count297
\l__regex_replacement_csnames_int=\count298
\l__regex_match_count_int=\count299
\l__regex_min_submatch_int=\count300
\l__regex_submatch_int=\count301
\l__regex_zeroth_submatch_int=\count302
\g__regex_trace_regex_int=\count303
\c_empty_box=\box55
\l_tmpa_box=\box56
\l_tmpb_box=\box57
\g_tmpa_box=\box58
\g_tmpb_box=\box59
\l__box_top_dim=\dimen194
\l__box_bottom_dim=\dimen195
\l__box_left_dim=\dimen196
\l__box_right_dim=\dimen197
\l__box_top_new_dim=\dimen198
\l__box_bottom_new_dim=\dimen199
\l__box_left_new_dim=\dimen256
\l__box_right_new_dim=\dimen257
\l__box_internal_box=\box60
\l__coffin_internal_box=\box61
\l__coffin_internal_dim=\dimen258
\l__coffin_offset_x_dim=\dimen259
\l__coffin_offset_y_dim=\dimen260
\l__coffin_x_dim=\dimen261
\l__coffin_y_dim=\dimen262
\l__coffin_x_prime_dim=\dimen263
\l__coffin_y_prime_dim=\dimen264
\c_empty_coffin=\box62
\l__coffin_aligned_coffin=\box63
\l__coffin_aligned_internal_coffin=\box64
\l_tmpa_coffin=\box65
\l_tmpb_coffin=\box66
\g_tmpa_coffin=\box67
\g_tmpb_coffin=\box68
\c__coffin_empty_coffin=\box69
\l__coffin_display_coffin=\box70
\l__coffin_display_coord_coffin=\box71
\l__coffin_display_pole_coffin=\box72
\l__coffin_display_offset_dim=\dimen265
\l__coffin_display_x_dim=\dimen266
\l__coffin_display_y_dim=\dimen267
\g__file_internal_ior=\read2
\l__coffin_bounding_shift_dim=\dimen268
\l__coffin_left_corner_dim=\dimen269
\l__coffin_right_corner_dim=\dimen270
\l__coffin_bottom_corner_dim=\dimen271
\l__coffin_top_corner_dim=\dimen272
\l__coffin_scaled_total_height_dim=\dimen273
\l__coffin_scaled_width_dim=\dimen274
) (/usr/share/texmf-dist/tex/latex/l3kernel/l3xdvipdfmx.def
File: l3xdvipdfmx.def 2019-02-15 v L3 Experimental driver: xdvipdfmx
\g__driver_image_int=\count304
\g__driver_pdf_object_int=\count305
)) (/usr/share/texmf-dist/tex/latex/l3packages/l3keys2e/l3keys2e.sty
Package: l3keys2e 2018-10-17 LaTeX2e option processing using LaTeX3 keys
)
(/usr/share/texmf-dist/tex/latex/tools/calc.sty
Package: calc 2017/05/25 v4.3 Infix arithmetic (KKT,FJ)
\calc@Acount=\count306
\calc@Bcount=\count307
\calc@Adimen=\dimen275
\calc@Bdimen=\dimen276
\calc@Askip=\skip63
\calc@Bskip=\skip64
LaTeX Info: Redefining \setlength on input line 80.
LaTeX Info: Redefining \addtolength on input line 81.
\calc@Ccount=\count308
\calc@Cskip=\skip65
) (/usr/share/texmf-dist/tex/latex/chemgreek/chemgreek.sty (/usr/share/texmf-dist/tex/latex/l3packages/xparse/xparse.sty
Package: xparse 2018-10-17 L3 Experimental document command parser
\l__xparse_current_arg_int=\count309
\g__xparse_grabber_int=\count310
\l__xparse_m_args_int=\count311
\l__xparse_mandatory_args_int=\count312
\l__xparse_v_nesting_int=\count313
)
Package: chemgreek 2016/12/20 v1.1 interfaceforuprightgreeklettersforuseinchemistry (CN)
\l__chemgreek_tmpa_int=\count314
\g__chemgreek_tmpa_int=\count315
)
\l__mhchem_ce_distanceFromLastComma_int=\count316
\__mhchem_arrow_extPgfLength_skip=\skip66
\mhchem@minispace@tmp=\skip67
\mhchem@minibackspace@tmp=\skip68
\mhchem@bondwidth=\skip69
\mhchem@bondheight=\skip70
\mhchem@smallbondwidth@tmpA=\skip71
\mhchem@smallbondwidth@tmpB=\skip72
\mhchem@smallbondwidth=\skip73
\mhchem@bondtmp@minussidebearingleft=\skip74
\mhchem@bondtmp@minussidebearingright=\skip75
\l__mhchem_option_version_int=\count317
\mhchem@option@minusmathsidebearingleft=\dimen277
\mhchem@option@minusmathsidebearingright=\dimen278
\mhchem@option@minustextsidebearingleft=\dimen279
\mhchem@option@minustextsidebearingright=\dimen280
) (/usr/share/texmf-dist/tex/latex/fira/FiraSans.sty
Package: FiraSans 2018/08/25 (Bob Tennent and autoinst) Style file for Fira Sans fonts.
 (/usr/share/texmf-dist/tex/latex/xkeyval/xkeyval.sty
Package: xkeyval 2014/12/03 v2.7a package option processing (HA)
 (/usr/share/texmf-dist/tex/generic/xkeyval/xkeyval.tex (/usr/share/texmf-dist/tex/generic/xkeyval/xkvutils.tex
\XKV@toks=\toks43
\XKV@tempa@toks=\toks44
)
\XKV@depth=\count318
File: xkeyval.tex 2014/12/03 v2.7a key=value parser (HA)
)) (/usr/share/texmf-dist/tex/latex/base/textcomp.sty
Package: textcomp 2018/08/11 v2.0j Standard LaTeX package
Package textcomp Info: Sub-encoding information:
(textcomp)               5 = only ISO-Adobe without \textcurrency
(textcomp)               4 = 5 + \texteuro
(textcomp)               3 = 4 + \textohm
(textcomp)               2 = 3 + \textestimated + \textcurrency
(textcomp)               1 = TS1 - \textcircled - \t
(textcomp)               0 = TS1 (full)
(textcomp)             Font families with sub-encoding setting implement
(textcomp)             only a restricted character set as indicated.
(textcomp)             Family '?' is the default used for unknown fonts.
(textcomp)             See the documentation for details.
Package textcomp Info: Setting ? sub-encoding to TS1/1 on input line 79.
 (/usr/share/texmf-dist/tex/latex/base/ts1enc.def
File: ts1enc.def 2001/06/05 v3.0e (jk/car/fm) Standard LaTeX file
)
LaTeX Info: Redefining \oldstylenums on input line 334.
Package textcomp Info: Setting cmr sub-encoding to TS1/0 on input line 349.
Package textcomp Info: Setting cmss sub-encoding to TS1/0 on input line 350.
Package textcomp Info: Setting cmtt sub-encoding to TS1/0 on input line 351.
Package textcomp Info: Setting cmvtt sub-encoding to TS1/0 on input line 352.
Package textcomp Info: Setting cmbr sub-encoding to TS1/0 on input line 353.
Package textcomp Info: Setting cmtl sub-encoding to TS1/0 on input line 354.
Package textcomp Info: Setting ccr sub-encoding to TS1/0 on input line 355.
Package textcomp Info: Setting ptm sub-encoding to TS1/4 on input line 356.
Package textcomp Info: Setting pcr sub-encoding to TS1/4 on input line 357.
Package textcomp Info: Setting phv sub-encoding to TS1/4 on input line 358.
Package textcomp Info: Setting ppl sub-encoding to TS1/3 on input line 359.
Package textcomp Info: Setting pag sub-encoding to TS1/4 on input line 360.
Package textcomp Info: Setting pbk sub-encoding to TS1/4 on input line 361.
Package textcomp Info: Setting pnc sub-encoding to TS1/4 on input line 362.
Package textcomp Info: Setting pzc sub-encoding to TS1/4 on input line 363.
Package textcomp Info: Setting bch sub-encoding to TS1/4 on input line 364.
Package textcomp Info: Setting put sub-encoding to TS1/5 on input line 365.
Package textcomp Info: Setting uag sub-encoding to TS1/5 on input line 366.
Package textcomp Info: Setting ugq sub-encoding to TS1/5 on input line 367.
Package textcomp Info: Setting ul8 sub-encoding to TS1/4 on input line 368.
Package textcomp Info: Setting ul9 sub-encoding to TS1/4 on input line 369.
Package textcomp Info: Setting augie sub-encoding to TS1/5 on input line 370.
Package textcomp Info: Setting dayrom sub-encoding to TS1/3 on input line 371.
Package textcomp Info: Setting dayroms sub-encoding to TS1/3 on input line 372.
Package textcomp Info: Setting pxr sub-encoding to TS1/0 on input line 373.
Package textcomp Info: Setting pxss sub-encoding to TS1/0 on input line 374.
Package textcomp Info: Setting pxtt sub-encoding to TS1/0 on input line 375.
Package textcomp Info: Setting txr sub-encoding to TS1/0 on input line 376.
Package textcomp Info: Setting txss sub-encoding to TS1/0 on input line 377.
Package textcomp Info: Setting txtt sub-encoding to TS1/0 on input line 378.
Package textcomp Info: Setting lmr sub-encoding to TS1/0 on input line 379.
Package textcomp Info: Setting lmdh sub-encoding to TS1/0 on input line 380.
Package textcomp Info: Setting lmss sub-encoding to TS1/0 on input line 381.
Package textcomp Info: Setting lmssq sub-encoding to TS1/0 on input line 382.
Package textcomp Info: Setting lmvtt sub-encoding to TS1/0 on input line 383.
Package textcomp Info: Setting lmtt sub-encoding to TS1/0 on input line 384.
Package textcomp Info: Setting qhv sub-encoding to TS1/0 on input line 385.
Package textcomp Info: Setting qag sub-encoding to TS1/0 on input line 386.
Package textcomp Info: Setting qbk sub-encoding to TS1/0 on input line 387.
Package textcomp Info: Setting qcr sub-encoding to TS1/0 on input line 388.
Package textcomp Info: Setting qcs sub-encoding to TS1/0 on input line 389.
Package textcomp Info: Setting qpl sub-encoding to TS1/0 on input line 390.
Package textcomp Info: Setting qtm sub-encoding to TS1/0 on input line 391.
Package textcomp Info: Setting qzc sub-encoding to TS1/0 on input line 392.
Package textcomp Info: Setting qhvc sub-encoding to TS1/0 on input line 393.
Package textcomp Info: Setting futs sub-encoding to TS1/4 on input line 394.
Package textcomp Info: Setting futx sub-encoding to TS1/4 on input line 395.
Package textcomp Info: Setting futj sub-encoding to TS1/4 on input line 396.
Package textcomp Info: Setting hlh sub-encoding to TS1/3 on input line 397.
Package textcomp Info: Setting hls sub-encoding to TS1/3 on input line 398.
Package textcomp Info: Setting hlst sub-encoding to TS1/3 on input line 399.
Package textcomp Info: Setting hlct sub-encoding to TS1/5 on input line 400.
Package textcomp Info: Setting hlx sub-encoding to TS1/5 on input line 401.
Package textcomp Info: Setting hlce sub-encoding to TS1/5 on input line 402.
Package textcomp Info: Setting hlcn sub-encoding to TS1/5 on input line 403.
Package textcomp Info: Setting hlcw sub-encoding to TS1/5 on input line 404.
Package textcomp Info: Setting hlcf sub-encoding to TS1/5 on input line 405.
Package textcomp Info: Setting pplx sub-encoding to TS1/3 on input line 406.
Package textcomp Info: Setting pplj sub-encoding to TS1/3 on input line 407.
Package textcomp Info: Setting ptmx sub-encoding to TS1/4 on input line 408.
Package textcomp Info: Setting ptmj sub-encoding to TS1/4 on input line 409.
) (/usr/share/texmf-dist/tex/latex/fontspec/fontspec.sty
Package: fontspec 2019/02/12 v2.7b Font selection for XeLaTeX and LuaLaTeX
 (/usr/share/texmf-dist/tex/latex/fontspec/fontspec-xetex.sty
Package: fontspec-xetex 2019/02/12 v2.7b Font selection for XeLaTeX and LuaLaTeX
\l__fontspec_script_int=\count319
\l__fontspec_language_int=\count320
\l__fontspec_strnum_int=\count321
\l__fontspec_tmp_int=\count322
\l__fontspec_tmpa_int=\count323
\l__fontspec_tmpb_int=\count324
\l__fontspec_tmpc_int=\count325
\l__fontspec_em_int=\count326
\l__fontspec_emdef_int=\count327
\l__fontspec_strong_int=\count328
\l__fontspec_strongdef_int=\count329
\l__fontspec_tmpa_dim=\dimen281
\l__fontspec_tmpb_dim=\dimen282
\l__fontspec_tmpc_dim=\dimen283
 (/usr/share/texmf-dist/tex/latex/base/fontenc.sty
Package: fontenc 2018/08/11 v2.0j Standard LaTeX package
 (/usr/share/texmf-dist/tex/latex/base/tuenc.def
File: tuenc.def 2018/08/11 v2.0j Standard LaTeX file
LaTeX Font Info:    Redeclaring font encoding TU on input line 82.
)) (/usr/share/texmf-dist/tex/latex/fontspec/fontspec.cfg)
LaTeX Info: Redefining \itshape on input line 4044.
LaTeX Info: Redefining \slshape on input line 4049.
LaTeX Info: Redefining \scshape on input line 4054.
LaTeX Info: Redefining \upshape on input line 4059.
LaTeX Info: Redefining \em on input line 4089.
LaTeX Info: Redefining \emph on input line 4114.
LaTeX Font Info:    Font shape `TU/lmss/m/it' in size <9> not available
(Font)              Font shape `TU/lmss/m/sl' tried instead on input line 4164.
))
Requested font "[FiraSans-Regular.otf]/OT" at 8.99997pt
 -> /usr/share/texmf-dist/fonts/opentype/public/fira/FiraSans-Regular.otf
Requested font "[FiraSans-Regular.otf]/OT" at 9.0pt
 -> /usr/share/texmf-dist/fonts/opentype/public/fira/FiraSans-Regular.otf
Requested font "[FiraSans-Bold.otf]/OT" at 9.0pt
 -> /usr/share/texmf-dist/fonts/opentype/public/fira/FiraSans-Bold.otf
Requested font "[FiraSans-Italic.otf]/OT" at 9.0pt
 -> /usr/share/texmf-dist/fonts/opentype/public/fira/FiraSans-Italic.otf
Requested font "[FiraSans-BoldItalic.otf]/OT" at 9.0pt
 -> /usr/share/texmf-dist/fonts/opentype/public/fira/FiraSans-BoldItalic.otf

Package fontspec Info: Font family 'FiraSans(0)' created for font 'FiraSans'
(fontspec)             with options [Ligatures = TeX,Scale = 1,Extension =
(fontspec)             .otf,Ligatures=TeX,Numbers =
(fontspec)             {Proportional,OldStyle},UprightFont =
(fontspec)             *-Regular,ItalicFont = *-Italic,BoldFont =
(fontspec)             *-Bold,BoldItalicFont = *-BoldItalic].
(fontspec)              
(fontspec)              This font family consists of the following NFSS
(fontspec)             series/shapes:
(fontspec)              
(fontspec)             - 'normal' (m/n) with NFSS spec.:
(fontspec)             <->s*[1]"[FiraSans-Regular.otf]/OT:script=latn;language=DFLT;+pnum;+onum;mapping=tex-text;"
(fontspec)             - 'small caps'  (m/sc) with NFSS spec.:
(fontspec)             <->s*[1]"[FiraSans-Regular.otf]/OT:script=latn;language=DFLT;+pnum;+onum;+smcp;mapping=tex-text;"
(fontspec)             - 'bold' (bx/n) with NFSS spec.:
(fontspec)             <->s*[1]"[FiraSans-Bold.otf]/OT:script=latn;language=DFLT;+pnum;+onum;mapping=tex-text;"
(fontspec)             - 'bold small caps'  (bx/sc) with NFSS spec.:
(fontspec)             <->s*[1]"[FiraSans-Bold.otf]/OT:script=latn;language=DFLT;+pnum;+onum;+smcp;mapping=tex-text;"
(fontspec)             - 'italic' (m/it) with NFSS spec.:
(fontspec)             <->s*[1]"[FiraSans-Italic.otf]/OT:script=latn;language=DFLT;+pnum;+onum;mapping=tex-text;"
(fontspec)             - 'italic small caps'  (m/itsc) with NFSS spec.:
(fontspec)             <->s*[1]"[FiraSans-Italic.otf]/OT:script=latn;language=DFLT;+pnum;+onum;+smcp;mapping=tex-text;"
(fontspec)             - 'bold italic' (bx/it) with NFSS spec.:
(fontspec)             <->s*[1]"[FiraSans-BoldItalic.otf]/OT:script=latn;language=DFLT;+pnum;+onum;mapping=tex-text;"
(fontspec)             - 'bold italic small caps'  (bx/itsc) with NFSS spec.:
(fontspec)             <->s*[1]"[FiraSans-BoldItalic.otf]/OT:script=latn;language=DFLT;+pnum;+onum;+smcp;mapping=tex-text;"

LaTeX Info: Redefining \sffamily on input line 139.
LaTeX Font Info:    Font shape `TU/FiraSans(0)/m/n' will be
(Font)              scaled to size 9.0pt on input line 139.
Requested font "[FiraSans-Regular.otf]/OT:script=latn;language=DFLT;+pnum;+onum;mapping=tex-text;" at 9.0pt
 -> /usr/share/texmf-dist/fonts/opentype/public/fira/FiraSans-Regular.otf

Package fontspec Info: Font family 'FiraSans(1)' created for font 'FiraSans'
(fontspec)             with options [Ligatures = TeX,Scale = 1,Extension =
(fontspec)             .otf,Numbers = {Proportional,OldStyle},UprightFont =
(fontspec)             *-Regular,ItalicFont = *-Italic,BoldFont =
(fontspec)             *-Bold,BoldItalicFont = *-BoldItalic].
(fontspec)              
(fontspec)              This font family consists of the following NFSS
(fontspec)             series/shapes:
(fontspec)              
(fontspec)             - 'normal' (m/n) with NFSS spec.:
(fontspec)             <->s*[1]"[FiraSans-Regular.otf]/OT:script=latn;language=DFLT;+pnum;+onum;mapping=tex-text;"
(fontspec)             - 'small caps'  (m/sc) with NFSS spec.:
(fontspec)             <->s*[1]"[FiraSans-Regular.otf]/OT:script=latn;language=DFLT;+pnum;+onum;+smcp;mapping=tex-text;"
(fontspec)             - 'bold' (bx/n) with NFSS spec.:
(fontspec)             <->s*[1]"[FiraSans-Bold.otf]/OT:script=latn;language=DFLT;+pnum;+onum;mapping=tex-text;"
(fontspec)             - 'bold small caps'  (bx/sc) with NFSS spec.:
(fontspec)             <->s*[1]"[FiraSans-Bold.otf]/OT:script=latn;language=DFLT;+pnum;+onum;+smcp;mapping=tex-text;"
(fontspec)             - 'italic' (m/it) with NFSS spec.:
(fontspec)             <->s*[1]"[FiraSans-Italic.otf]/OT:script=latn;language=DFLT;+pnum;+onum;mapping=tex-text;"
(fontspec)             - 'italic small caps'  (m/itsc) with NFSS spec.:
(fontspec)             <->s*[1]"[FiraSans-Italic.otf]/OT:script=latn;language=DFLT;+pnum;+onum;+smcp;mapping=tex-text;"
(fontspec)             - 'bold italic' (bx/it) with NFSS spec.:
(fontspec)             <->s*[1]"[FiraSans-BoldItalic.otf]/OT:script=latn;language=DFLT;+pnum;+onum;mapping=tex-text;"
(fontspec)             - 'bold italic small caps'  (bx/itsc) with NFSS spec.:
(fontspec)             <->s*[1]"[FiraSans-BoldItalic.otf]/OT:script=latn;language=DFLT;+pnum;+onum;+smcp;mapping=tex-text;"


Package fontspec Info: Font family 'FiraSans(2)' created for font 'FiraSans'
(fontspec)             with options [Ligatures = TeX,Scale = 1,Extension =
(fontspec)             .otf,Numbers = {Proportional,Lining},UprightFont =
(fontspec)             *-Regular,ItalicFont = *-Italic,BoldFont =
(fontspec)             *-Bold,BoldItalicFont = *-BoldItalic].
(fontspec)              
(fontspec)              This font family consists of the following NFSS
(fontspec)             series/shapes:
(fontspec)              
(fontspec)             - 'normal' (m/n) with NFSS spec.:
(fontspec)             <->s*[1]"[FiraSans-Regular.otf]/OT:script=latn;language=DFLT;+pnum;+lnum;mapping=tex-text;"
(fontspec)             - 'small caps'  (m/sc) with NFSS spec.:
(fontspec)             <->s*[1]"[FiraSans-Regular.otf]/OT:script=latn;language=DFLT;+pnum;+lnum;+smcp;mapping=tex-text;"
(fontspec)             - 'bold' (bx/n) with NFSS spec.:
(fontspec)             <->s*[1]"[FiraSans-Bold.otf]/OT:script=latn;language=DFLT;+pnum;+lnum;mapping=tex-text;"
(fontspec)             - 'bold small caps'  (bx/sc) with NFSS spec.:
(fontspec)             <->s*[1]"[FiraSans-Bold.otf]/OT:script=latn;language=DFLT;+pnum;+lnum;+smcp;mapping=tex-text;"
(fontspec)             - 'italic' (m/it) with NFSS spec.:
(fontspec)             <->s*[1]"[FiraSans-Italic.otf]/OT:script=latn;language=DFLT;+pnum;+lnum;mapping=tex-text;"
(fontspec)             - 'italic small caps'  (m/itsc) with NFSS spec.:
(fontspec)             <->s*[1]"[FiraSans-Italic.otf]/OT:script=latn;language=DFLT;+pnum;+lnum;+smcp;mapping=tex-text;"
(fontspec)             - 'bold italic' (bx/it) with NFSS spec.:
(fontspec)             <->s*[1]"[FiraSans-BoldItalic.otf]/OT:script=latn;language=DFLT;+pnum;+lnum;mapping=tex-text;"
(fontspec)             - 'bold italic small caps'  (bx/itsc) with NFSS spec.:
(fontspec)             <->s*[1]"[FiraSans-BoldItalic.otf]/OT:script=latn;language=DFLT;+pnum;+lnum;+smcp;mapping=tex-text;"


Package fontspec Info: Font family 'FiraSans(3)' created for font 'FiraSans'
(fontspec)             with options [Ligatures = TeX,Scale = 1,Extension =
(fontspec)             .otf,Numbers = {Monospaced,OldStyle},UprightFont =
(fontspec)             *-Regular,ItalicFont = *-Italic,BoldFont =
(fontspec)             *-Bold,BoldItalicFont = *-BoldItalic].
(fontspec)              
(fontspec)              This font family consists of the following NFSS
(fontspec)             series/shapes:
(fontspec)              
(fontspec)             - 'normal' (m/n) with NFSS spec.:
(fontspec)             <->s*[1]"[FiraSans-Regular.otf]/OT:script=latn;language=DFLT;+tnum;+onum;mapping=tex-text;"
(fontspec)             - 'small caps'  (m/sc) with NFSS spec.:
(fontspec)             <->s*[1]"[FiraSans-Regular.otf]/OT:script=latn;language=DFLT;+tnum;+onum;+smcp;mapping=tex-text;"
(fontspec)             - 'bold' (bx/n) with NFSS spec.:
(fontspec)             <->s*[1]"[FiraSans-Bold.otf]/OT:script=latn;language=DFLT;+tnum;+onum;mapping=tex-text;"
(fontspec)             - 'bold small caps'  (bx/sc) with NFSS spec.:
(fontspec)             <->s*[1]"[FiraSans-Bold.otf]/OT:script=latn;language=DFLT;+tnum;+onum;+smcp;mapping=tex-text;"
(fontspec)             - 'italic' (m/it) with NFSS spec.:
(fontspec)             <->s*[1]"[FiraSans-Italic.otf]/OT:script=latn;language=DFLT;+tnum;+onum;mapping=tex-text;"
(fontspec)             - 'italic small caps'  (m/itsc) with NFSS spec.:
(fontspec)             <->s*[1]"[FiraSans-Italic.otf]/OT:script=latn;language=DFLT;+tnum;+onum;+smcp;mapping=tex-text;"
(fontspec)             - 'bold italic' (bx/it) with NFSS spec.:
(fontspec)             <->s*[1]"[FiraSans-BoldItalic.otf]/OT:script=latn;language=DFLT;+tnum;+onum;mapping=tex-text;"
(fontspec)             - 'bold italic small caps'  (bx/itsc) with NFSS spec.:
(fontspec)             <->s*[1]"[FiraSans-BoldItalic.otf]/OT:script=latn;language=DFLT;+tnum;+onum;+smcp;mapping=tex-text;"

Requested font "[FiraSans-Thin.otf]/OT" at 8.99997pt
 -> /usr/share/texmf-dist/fonts/opentype/public/fira/FiraSans-Thin.otf
Requested font "[FiraSans-Thin.otf]/OT" at 9.0pt
 -> /usr/share/texmf-dist/fonts/opentype/public/fira/FiraSans-Thin.otf
Requested font "[FiraSans-ThinItalic.otf]/OT" at 9.0pt
 -> /usr/share/texmf-dist/fonts/opentype/public/fira/FiraSans-ThinItalic.otf

Package fontspec Info: Font family 'FiraSans(4)' created for font 'FiraSans'
(fontspec)             with options [Ligatures = TeX,Scale = 1,Extension =
(fontspec)             .otf,Numbers = {Proportional,OldStyle},UprightFont =
(fontspec)             *-Thin,ItalicFont = *-ThinItalic,BoldFont =
(fontspec)             *-Bold,BoldItalicFont = *-BoldItalic].
(fontspec)              
(fontspec)              This font family consists of the following NFSS
(fontspec)             series/shapes:
(fontspec)              
(fontspec)             - 'normal' (m/n) with NFSS spec.:
(fontspec)             <->s*[1]"[FiraSans-Thin.otf]/OT:script=latn;language=DFLT;+pnum;+onum;mapping=tex-text;"
(fontspec)             - 'small caps'  (m/sc) with NFSS spec.:
(fontspec)             <->s*[1]"[FiraSans-Thin.otf]/OT:script=latn;language=DFLT;+pnum;+onum;+smcp;mapping=tex-text;"
(fontspec)             - 'bold' (bx/n) with NFSS spec.:
(fontspec)             <->s*[1]"[FiraSans-Bold.otf]/OT:script=latn;language=DFLT;+pnum;+onum;mapping=tex-text;"
(fontspec)             - 'bold small caps'  (bx/sc) with NFSS spec.:
(fontspec)             <->s*[1]"[FiraSans-Bold.otf]/OT:script=latn;language=DFLT;+pnum;+onum;+smcp;mapping=tex-text;"
(fontspec)             - 'italic' (m/it) with NFSS spec.:
(fontspec)             <->s*[1]"[FiraSans-ThinItalic.otf]/OT:script=latn;language=DFLT;+pnum;+onum;mapping=tex-text;"
(fontspec)             - 'italic small caps'  (m/itsc) with NFSS spec.:
(fontspec)             <->s*[1]"[FiraSans-ThinItalic.otf]/OT:script=latn;language=DFLT;+pnum;+onum;+smcp;mapping=tex-text;"
(fontspec)             - 'bold italic' (bx/it) with NFSS spec.:
(fontspec)             <->s*[1]"[FiraSans-BoldItalic.otf]/OT:script=latn;language=DFLT;+pnum;+onum;mapping=tex-text;"
(fontspec)             - 'bold italic small caps'  (bx/itsc) with NFSS spec.:
(fontspec)             <->s*[1]"[FiraSans-BoldItalic.otf]/OT:script=latn;language=DFLT;+pnum;+onum;+smcp;mapping=tex-text;"

Requested font "[FiraSans-Light.otf]/OT" at 8.99997pt
 -> /usr/share/texmf-dist/fonts/opentype/public/fira/FiraSans-Light.otf
Requested font "[FiraSans-Light.otf]/OT" at 9.0pt
 -> /usr/share/texmf-dist/fonts/opentype/public/fira/FiraSans-Light.otf
Requested font "[FiraSans-LightItalic.otf]/OT" at 9.0pt
 -> /usr/share/texmf-dist/fonts/opentype/public/fira/FiraSans-LightItalic.otf

Package fontspec Info: Font family 'FiraSans(5)' created for font 'FiraSans'
(fontspec)             with options [Ligatures = TeX,Scale = 1,Extension =
(fontspec)             .otf,Numbers = {Proportional,OldStyle},UprightFont =
(fontspec)             *-Light,ItalicFont = *-LightItalic,BoldFont =
(fontspec)             *-Bold,BoldItalicFont = *-BoldItalic].
(fontspec)              
(fontspec)              This font family consists of the following NFSS
(fontspec)             series/shapes:
(fontspec)              
(fontspec)             - 'normal' (m/n) with NFSS spec.:
(fontspec)             <->s*[1]"[FiraSans-Light.otf]/OT:script=latn;language=DFLT;+pnum;+onum;mapping=tex-text;"
(fontspec)             - 'small caps'  (m/sc) with NFSS spec.:
(fontspec)             <->s*[1]"[FiraSans-Light.otf]/OT:script=latn;language=DFLT;+pnum;+onum;+smcp;mapping=tex-text;"
(fontspec)             - 'bold' (bx/n) with NFSS spec.:
(fontspec)             <->s*[1]"[FiraSans-Bold.otf]/OT:script=latn;language=DFLT;+pnum;+onum;mapping=tex-text;"
(fontspec)             - 'bold small caps'  (bx/sc) with NFSS spec.:
(fontspec)             <->s*[1]"[FiraSans-Bold.otf]/OT:script=latn;language=DFLT;+pnum;+onum;+smcp;mapping=tex-text;"
(fontspec)             - 'italic' (m/it) with NFSS spec.:
(fontspec)             <->s*[1]"[FiraSans-LightItalic.otf]/OT:script=latn;language=DFLT;+pnum;+onum;mapping=tex-text;"
(fontspec)             - 'italic small caps'  (m/itsc) with NFSS spec.:
(fontspec)             <->s*[1]"[FiraSans-LightItalic.otf]/OT:script=latn;language=DFLT;+pnum;+onum;+smcp;mapping=tex-text;"
(fontspec)             - 'bold italic' (bx/it) with NFSS spec.:
(fontspec)             <->s*[1]"[FiraSans-BoldItalic.otf]/OT:script=latn;language=DFLT;+pnum;+onum;mapping=tex-text;"
(fontspec)             - 'bold italic small caps'  (bx/itsc) with NFSS spec.:
(fontspec)             <->s*[1]"[FiraSans-BoldItalic.otf]/OT:script=latn;language=DFLT;+pnum;+onum;+smcp;mapping=tex-text;"

Requested font "[FiraSans-ExtraLight.otf]/OT" at 8.99997pt
 -> /usr/share/texmf-dist/fonts/opentype/public/fira/FiraSans-ExtraLight.otf
Requested font "[FiraSans-ExtraLight.otf]/OT" at 9.0pt
 -> /usr/share/texmf-dist/fonts/opentype/public/fira/FiraSans-ExtraLight.otf
Requested font "[FiraSans-ExtraLightItalic.otf]/OT" at 9.0pt
 -> /usr/share/texmf-dist/fonts/opentype/public/fira/FiraSans-ExtraLightItalic.otf

Package fontspec Info: Font family 'FiraSans(6)' created for font 'FiraSans'
(fontspec)             with options [Ligatures = TeX,Scale = 1,Extension =
(fontspec)             .otf,Numbers = {Proportional,OldStyle},UprightFont =
(fontspec)             *-ExtraLight,ItalicFont = *-ExtraLightItalic,BoldFont =
(fontspec)             *-Bold,BoldItalicFont = *-BoldItalic].
(fontspec)              
(fontspec)              This font family consists of the following NFSS
(fontspec)             series/shapes:
(fontspec)              
(fontspec)             - 'normal' (m/n) with NFSS spec.:
(fontspec)             <->s*[1]"[FiraSans-ExtraLight.otf]/OT:script=latn;language=DFLT;+pnum;+onum;mapping=tex-text;"
(fontspec)             - 'small caps'  (m/sc) with NFSS spec.:
(fontspec)             <->s*[1]"[FiraSans-ExtraLight.otf]/OT:script=latn;language=DFLT;+pnum;+onum;+smcp;mapping=tex-text;"
(fontspec)             - 'bold' (bx/n) with NFSS spec.:
(fontspec)             <->s*[1]"[FiraSans-Bold.otf]/OT:script=latn;language=DFLT;+pnum;+onum;mapping=tex-text;"
(fontspec)             - 'bold small caps'  (bx/sc) with NFSS spec.:
(fontspec)             <->s*[1]"[FiraSans-Bold.otf]/OT:script=latn;language=DFLT;+pnum;+onum;+smcp;mapping=tex-text;"
(fontspec)             - 'italic' (m/it) with NFSS spec.:
(fontspec)             <->s*[1]"[FiraSans-ExtraLightItalic.otf]/OT:script=latn;language=DFLT;+pnum;+onum;mapping=tex-text;"
(fontspec)             - 'italic small caps'  (m/itsc) with NFSS spec.:
(fontspec)             <->s*[1]"[FiraSans-ExtraLightItalic.otf]/OT:script=latn;language=DFLT;+pnum;+onum;+smcp;mapping=tex-text;"
(fontspec)             - 'bold italic' (bx/it) with NFSS spec.:
(fontspec)             <->s*[1]"[FiraSans-BoldItalic.otf]/OT:script=latn;language=DFLT;+pnum;+onum;mapping=tex-text;"
(fontspec)             - 'bold italic small caps'  (bx/itsc) with NFSS spec.:
(fontspec)             <->s*[1]"[FiraSans-BoldItalic.otf]/OT:script=latn;language=DFLT;+pnum;+onum;+smcp;mapping=tex-text;"

Requested font "[FiraSans-UltraLight.otf]/OT" at 8.99997pt
 -> /usr/share/texmf-dist/fonts/opentype/public/fira/FiraSans-UltraLight.otf
Requested font "[FiraSans-UltraLight.otf]/OT" at 9.0pt
 -> /usr/share/texmf-dist/fonts/opentype/public/fira/FiraSans-UltraLight.otf
Requested font "[FiraSans-UltraLightItalic.otf]/OT" at 9.0pt
 -> /usr/share/texmf-dist/fonts/opentype/public/fira/FiraSans-UltraLightItalic.otf

Package fontspec Info: Font family 'FiraSans(7)' created for font 'FiraSans'
(fontspec)             with options [Ligatures = TeX,Scale = 1,Extension =
(fontspec)             .otf,Numbers = {Proportional,OldStyle},UprightFont =
(fontspec)             *-UltraLight,ItalicFont = *-UltraLightItalic,BoldFont =
(fontspec)             *-Bold,BoldItalicFont = *-BoldItalic].
(fontspec)              
(fontspec)              This font family consists of the following NFSS
(fontspec)             series/shapes:
(fontspec)              
(fontspec)             - 'normal' (m/n) with NFSS spec.:
(fontspec)             <->s*[1]"[FiraSans-UltraLight.otf]/OT:script=latn;language=DFLT;+pnum;+onum;mapping=tex-text;"
(fontspec)             - 'small caps'  (m/sc) with NFSS spec.:
(fontspec)             <->s*[1]"[FiraSans-UltraLight.otf]/OT:script=latn;language=DFLT;+pnum;+onum;+smcp;mapping=tex-text;"
(fontspec)             - 'bold' (bx/n) with NFSS spec.:
(fontspec)             <->s*[1]"[FiraSans-Bold.otf]/OT:script=latn;language=DFLT;+pnum;+onum;mapping=tex-text;"
(fontspec)             - 'bold small caps'  (bx/sc) with NFSS spec.:
(fontspec)             <->s*[1]"[FiraSans-Bold.otf]/OT:script=latn;language=DFLT;+pnum;+onum;+smcp;mapping=tex-text;"
(fontspec)             - 'italic' (m/it) with NFSS spec.:
(fontspec)             <->s*[1]"[FiraSans-UltraLightItalic.otf]/OT:script=latn;language=DFLT;+pnum;+onum;mapping=tex-text;"
(fontspec)             - 'italic small caps'  (m/itsc) with NFSS spec.:
(fontspec)             <->s*[1]"[FiraSans-UltraLightItalic.otf]/OT:script=latn;language=DFLT;+pnum;+onum;+smcp;mapping=tex-text;"
(fontspec)             - 'bold italic' (bx/it) with NFSS spec.:
(fontspec)             <->s*[1]"[FiraSans-BoldItalic.otf]/OT:script=latn;language=DFLT;+pnum;+onum;mapping=tex-text;"
(fontspec)             - 'bold italic small caps'  (bx/itsc) with NFSS spec.:
(fontspec)             <->s*[1]"[FiraSans-BoldItalic.otf]/OT:script=latn;language=DFLT;+pnum;+onum;+smcp;mapping=tex-text;"

Requested font "[FiraSans-Medium.otf]/OT" at 8.99997pt
 -> /usr/share/texmf-dist/fonts/opentype/public/fira/FiraSans-Medium.otf
Requested font "[FiraSans-Medium.otf]/OT" at 9.0pt
 -> /usr/share/texmf-dist/fonts/opentype/public/fira/FiraSans-Medium.otf
Requested font "[FiraSans-MediumItalic.otf]/OT" at 9.0pt
 -> /usr/share/texmf-dist/fonts/opentype/public/fira/FiraSans-MediumItalic.otf

Package fontspec Info: Font family 'FiraSans(8)' created for font 'FiraSans'
(fontspec)             with options [Ligatures = TeX,Scale = 1,Extension =
(fontspec)             .otf,Numbers = {Proportional,OldStyle},UprightFont =
(fontspec)             *-Medium,ItalicFont = *-MediumItalic,BoldFont =
(fontspec)             *-Bold,BoldItalicFont = *-BoldItalic].
(fontspec)              
(fontspec)              This font family consists of the following NFSS
(fontspec)             series/shapes:
(fontspec)              
(fontspec)             - 'normal' (m/n) with NFSS spec.:
(fontspec)             <->s*[1]"[FiraSans-Medium.otf]/OT:script=latn;language=DFLT;+pnum;+onum;mapping=tex-text;"
(fontspec)             - 'small caps'  (m/sc) with NFSS spec.:
(fontspec)             <->s*[1]"[FiraSans-Medium.otf]/OT:script=latn;language=DFLT;+pnum;+onum;+smcp;mapping=tex-text;"
(fontspec)             - 'bold' (bx/n) with NFSS spec.:
(fontspec)             <->s*[1]"[FiraSans-Bold.otf]/OT:script=latn;language=DFLT;+pnum;+onum;mapping=tex-text;"
(fontspec)             - 'bold small caps'  (bx/sc) with NFSS spec.:
(fontspec)             <->s*[1]"[FiraSans-Bold.otf]/OT:script=latn;language=DFLT;+pnum;+onum;+smcp;mapping=tex-text;"
(fontspec)             - 'italic' (m/it) with NFSS spec.:
(fontspec)             <->s*[1]"[FiraSans-MediumItalic.otf]/OT:script=latn;language=DFLT;+pnum;+onum;mapping=tex-text;"
(fontspec)             - 'italic small caps'  (m/itsc) with NFSS spec.:
(fontspec)             <->s*[1]"[FiraSans-MediumItalic.otf]/OT:script=latn;language=DFLT;+pnum;+onum;+smcp;mapping=tex-text;"
(fontspec)             - 'bold italic' (bx/it) with NFSS spec.:
(fontspec)             <->s*[1]"[FiraSans-BoldItalic.otf]/OT:script=latn;language=DFLT;+pnum;+onum;mapping=tex-text;"
(fontspec)             - 'bold italic small caps'  (bx/itsc) with NFSS spec.:
(fontspec)             <->s*[1]"[FiraSans-BoldItalic.otf]/OT:script=latn;language=DFLT;+pnum;+onum;+smcp;mapping=tex-text;"

Requested font "[FiraSans-Book.otf]/OT" at 8.99997pt
 -> /usr/share/texmf-dist/fonts/opentype/public/fira/FiraSans-Book.otf
Requested font "[FiraSans-Book.otf]/OT" at 9.0pt
 -> /usr/share/texmf-dist/fonts/opentype/public/fira/FiraSans-Book.otf
Requested font "[FiraSans-BookItalic.otf]/OT" at 9.0pt
 -> /usr/share/texmf-dist/fonts/opentype/public/fira/FiraSans-BookItalic.otf

Package fontspec Info: Font family 'FiraSans(9)' created for font 'FiraSans'
(fontspec)             with options [Ligatures = TeX,Scale = 1,Extension =
(fontspec)             .otf,Numbers = {Proportional,OldStyle},UprightFont =
(fontspec)             *-Book,ItalicFont = *-BookItalic,BoldFont =
(fontspec)             *-Bold,BoldItalicFont = *-BoldItalic].
(fontspec)              
(fontspec)              This font family consists of the following NFSS
(fontspec)             series/shapes:
(fontspec)              
(fontspec)             - 'normal' (m/n) with NFSS spec.:
(fontspec)             <->s*[1]"[FiraSans-Book.otf]/OT:script=latn;language=DFLT;+pnum;+onum;mapping=tex-text;"
(fontspec)             - 'small caps'  (m/sc) with NFSS spec.:
(fontspec)             <->s*[1]"[FiraSans-Book.otf]/OT:script=latn;language=DFLT;+pnum;+onum;+smcp;mapping=tex-text;"
(fontspec)             - 'bold' (bx/n) with NFSS spec.:
(fontspec)             <->s*[1]"[FiraSans-Bold.otf]/OT:script=latn;language=DFLT;+pnum;+onum;mapping=tex-text;"
(fontspec)             - 'bold small caps'  (bx/sc) with NFSS spec.:
(fontspec)             <->s*[1]"[FiraSans-Bold.otf]/OT:script=latn;language=DFLT;+pnum;+onum;+smcp;mapping=tex-text;"
(fontspec)             - 'italic' (m/it) with NFSS spec.:
(fontspec)             <->s*[1]"[FiraSans-BookItalic.otf]/OT:script=latn;language=DFLT;+pnum;+onum;mapping=tex-text;"
(fontspec)             - 'italic small caps'  (m/itsc) with NFSS spec.:
(fontspec)             <->s*[1]"[FiraSans-BookItalic.otf]/OT:script=latn;language=DFLT;+pnum;+onum;+smcp;mapping=tex-text;"
(fontspec)             - 'bold italic' (bx/it) with NFSS spec.:
(fontspec)             <->s*[1]"[FiraSans-BoldItalic.otf]/OT:script=latn;language=DFLT;+pnum;+onum;mapping=tex-text;"
(fontspec)             - 'bold italic small caps'  (bx/itsc) with NFSS spec.:
(fontspec)             <->s*[1]"[FiraSans-BoldItalic.otf]/OT:script=latn;language=DFLT;+pnum;+onum;+smcp;mapping=tex-text;"

Requested font "[FiraSans-SemiBold.otf]/OT" at 8.99997pt
 -> /usr/share/texmf-dist/fonts/opentype/public/fira/FiraSans-SemiBold.otf
Requested font "[FiraSans-SemiBold.otf]/OT" at 9.0pt
 -> /usr/share/texmf-dist/fonts/opentype/public/fira/FiraSans-SemiBold.otf
Requested font "[FiraSans-SemiBoldItalic.otf]/OT" at 9.0pt
 -> /usr/share/texmf-dist/fonts/opentype/public/fira/FiraSans-SemiBoldItalic.otf

Package fontspec Info: Font family 'FiraSans(10)' created for font 'FiraSans'
(fontspec)             with options [Ligatures = TeX,Scale = 1,Extension =
(fontspec)             .otf,Numbers = {Proportional,OldStyle},UprightFont =
(fontspec)             *-SemiBold,ItalicFont = *-SemiBoldItalic].
(fontspec)              
(fontspec)              This font family consists of the following NFSS
(fontspec)             series/shapes:
(fontspec)              
(fontspec)             - 'normal' (m/n) with NFSS spec.:
(fontspec)             <->s*[1]"[FiraSans-SemiBold.otf]/OT:script=latn;language=DFLT;+pnum;+onum;mapping=tex-text;"
(fontspec)             - 'small caps'  (m/sc) with NFSS spec.:
(fontspec)             <->s*[1]"[FiraSans-SemiBold.otf]/OT:script=latn;language=DFLT;+pnum;+onum;+smcp;mapping=tex-text;"
(fontspec)             - 'italic' (m/it) with NFSS spec.:
(fontspec)             <->s*[1]"[FiraSans-SemiBoldItalic.otf]/OT:script=latn;language=DFLT;+pnum;+onum;mapping=tex-text;"
(fontspec)             - 'italic small caps'  (m/itsc) with NFSS spec.:
(fontspec)             <->s*[1]"[FiraSans-SemiBoldItalic.otf]/OT:script=latn;language=DFLT;+pnum;+onum;+smcp;mapping=tex-text;"

Requested font "[FiraSans-ExtraBold.otf]/OT" at 8.99997pt
 -> /usr/share/texmf-dist/fonts/opentype/public/fira/FiraSans-ExtraBold.otf
Requested font "[FiraSans-ExtraBold.otf]/OT" at 9.0pt
 -> /usr/share/texmf-dist/fonts/opentype/public/fira/FiraSans-ExtraBold.otf
Requested font "[FiraSans-ExtraBoldItalic.otf]/OT" at 9.0pt
 -> /usr/share/texmf-dist/fonts/opentype/public/fira/FiraSans-ExtraBoldItalic.otf

Package fontspec Info: Font family 'FiraSans(11)' created for font 'FiraSans'
(fontspec)             with options [Ligatures = TeX,Scale = 1,Extension =
(fontspec)             .otf,Numbers = {Proportional,OldStyle},UprightFont =
(fontspec)             *-ExtraBold,ItalicFont = *-ExtraBoldItalic].
(fontspec)              
(fontspec)              This font family consists of the following NFSS
(fontspec)             series/shapes:
(fontspec)              
(fontspec)             - 'normal' (m/n) with NFSS spec.:
(fontspec)             <->s*[1]"[FiraSans-ExtraBold.otf]/OT:script=latn;language=DFLT;+pnum;+onum;mapping=tex-text;"
(fontspec)             - 'small caps'  (m/sc) with NFSS spec.:
(fontspec)             <->s*[1]"[FiraSans-ExtraBold.otf]/OT:script=latn;language=DFLT;+pnum;+onum;+smcp;mapping=tex-text;"
(fontspec)             - 'italic' (m/it) with NFSS spec.:
(fontspec)             <->s*[1]"[FiraSans-ExtraBoldItalic.otf]/OT:script=latn;language=DFLT;+pnum;+onum;mapping=tex-text;"
(fontspec)             - 'italic small caps'  (m/itsc) with NFSS spec.:
(fontspec)             <->s*[1]"[FiraSans-ExtraBoldItalic.otf]/OT:script=latn;language=DFLT;+pnum;+onum;+smcp;mapping=tex-text;"

Requested font "[FiraSans-Heavy.otf]/OT" at 8.99997pt
 -> /usr/share/texmf-dist/fonts/opentype/public/fira/FiraSans-Heavy.otf
Requested font "[FiraSans-Heavy.otf]/OT" at 9.0pt
 -> /usr/share/texmf-dist/fonts/opentype/public/fira/FiraSans-Heavy.otf
Requested font "[FiraSans-HeavyItalic.otf]/OT" at 9.0pt
 -> /usr/share/texmf-dist/fonts/opentype/public/fira/FiraSans-HeavyItalic.otf

Package fontspec Info: Font family 'FiraSans(12)' created for font 'FiraSans'
(fontspec)             with options [Ligatures = TeX,Scale = 1,Extension =
(fontspec)             .otf,Numbers = {Proportional,OldStyle},UprightFont =
(fontspec)             *-Heavy,ItalicFont = *-HeavyItalic].
(fontspec)              
(fontspec)              This font family consists of the following NFSS
(fontspec)             series/shapes:
(fontspec)              
(fontspec)             - 'normal' (m/n) with NFSS spec.:
(fontspec)             <->s*[1]"[FiraSans-Heavy.otf]/OT:script=latn;language=DFLT;+pnum;+onum;mapping=tex-text;"
(fontspec)             - 'small caps'  (m/sc) with NFSS spec.:
(fontspec)             <->s*[1]"[FiraSans-Heavy.otf]/OT:script=latn;language=DFLT;+pnum;+onum;+smcp;mapping=tex-text;"
(fontspec)             - 'italic' (m/it) with NFSS spec.:
(fontspec)             <->s*[1]"[FiraSans-HeavyItalic.otf]/OT:script=latn;language=DFLT;+pnum;+onum;mapping=tex-text;"
(fontspec)             - 'italic small caps'  (m/itsc) with NFSS spec.:
(fontspec)             <->s*[1]"[FiraSans-HeavyItalic.otf]/OT:script=latn;language=DFLT;+pnum;+onum;+smcp;mapping=tex-text;"

) (/usr/share/texmf-dist/tex/latex/caption/caption.sty
Package: caption 2018/10/06 v3.3-154 Customizing captions (AR)
 (/usr/share/texmf-dist/tex/latex/caption/caption3.sty
Package: caption3 2018/09/12 v1.8c caption3 kernel (AR)
Package caption3 Info: TeX engine: e-TeX on input line 64.
\captionmargin=\dimen284
\captionmargin@=\dimen285
\captionwidth=\dimen286
\caption@tempdima=\dimen287
\caption@indent=\dimen288
\caption@parindent=\dimen289
\caption@hangindent=\dimen290
)
\c@caption@flags=\count330
\c@ContinuedFloat=\count331
Package caption Info: beamer document class.
Package caption Info: hyperref package is loaded.
Package caption Info: Hyperref support is turned off
(caption)             because hyperref has stopped early.
) (/usr/share/texmf-dist/tex/latex/float/float.sty
Package: float 2001/11/08 v1.3d Float enhancements (AL)
\c@float@type=\count332
\float@exts=\toks45
\float@box=\box73
\@float@everytoks=\toks46
\@floatcapt=\box74
) (/usr/share/texmf-dist/tex/latex/psnfss/pifont.sty
Package: pifont 2005/04/12 PSNFSS-v9.2a Pi font support (SPQR) 
LaTeX Font Info:    Try loading font information for U+pzd on input line 63.

(/usr/share/texmf-dist/tex/latex/psnfss/upzd.fd
File: upzd.fd 2001/06/04 font definitions for U/pzd.
)
Requested font "pzdr" at 9.0pt
 -> /usr/share/texmf-dist/fonts/tfm/adobe/zapfding/pzdr.tfm
LaTeX Font Info:    Try loading font information for U+psy on input line 64.
 (/usr/share/texmf-dist/tex/latex/psnfss/upsy.fd
File: upsy.fd 2001/06/04 font definitions for U/psy.
)
Requested font "psyr" at 9.0pt
 -> /usr/share/texmf-dist/fonts/tfm/adobe/symbol/psyr.tfm
) (./beamerthememetropolis.sty
Package: beamerthememetropolis 2017/01/23 v1.2 Metropolis Beamer theme
 (/usr/share/texmf-dist/tex/latex/pgfopts/pgfopts.sty
Package: pgfopts 2014/07/10 v2.1a LaTeX package options with pgfkeys
 (/usr/share/texmf-dist/tex/latex/pgf/utilities/pgfkeys.sty (/usr/share/texmf-dist/tex/generic/pgf/utilities/pgfkeys.code.tex))
\pgfopts@list@add@a@toks=\toks47
\pgfopts@list@add@b@toks=\toks48
) (./beamerinnerthememetropolis.sty
Package: beamerinnerthememetropolis 2017/01/23 Metropolis inner theme
 (/usr/share/texmf-dist/tex/latex/pgf/frontendlayer/tikz.sty (/usr/share/texmf-dist/tex/latex/pgf/basiclayer/pgf.sty
Package: pgf 2019/02/02 v3.1.1 (3.1.1)
 (/usr/share/texmf-dist/tex/generic/pgf/modules/pgfmoduleshapes.code.tex
File: pgfmoduleshapes.code.tex 2019/02/02 v3.1.1 (3.1.1)
\pgfnodeparttextbox=\box75
) (/usr/share/texmf-dist/tex/generic/pgf/modules/pgfmoduleplot.code.tex
File: pgfmoduleplot.code.tex 2019/02/02 v3.1.1 (3.1.1)
) (/usr/share/texmf-dist/tex/latex/pgf/compatibility/pgfcomp-version-0-65.sty
Package: pgfcomp-version-0-65 2019/02/02 v3.1.1 (3.1.1)
\pgf@nodesepstart=\dimen291
\pgf@nodesepend=\dimen292
) (/usr/share/texmf-dist/tex/latex/pgf/compatibility/pgfcomp-version-1-18.sty
Package: pgfcomp-version-1-18 2019/02/02 v3.1.1 (3.1.1)
)) (/usr/share/texmf-dist/tex/latex/pgf/utilities/pgffor.sty (/usr/share/texmf-dist/tex/latex/pgf/math/pgfmath.sty (/usr/share/texmf-dist/tex/generic/pgf/math/pgfmath.code.tex)) (/usr/share/texmf-dist/tex/generic/pgf/utilities/pgffor.code.tex
Package: pgffor 2019/02/02 v3.1.1 (3.1.1)

(/usr/share/texmf-dist/tex/generic/pgf/math/pgfmath.code.tex)
\pgffor@iter=\dimen293
\pgffor@skip=\dimen294
\pgffor@stack=\toks49
\pgffor@toks=\toks50
)) (/usr/share/texmf-dist/tex/generic/pgf/frontendlayer/tikz/tikz.code.tex
Package: tikz 2019/02/02 v3.1.1 (3.1.1)
 (/usr/share/texmf-dist/tex/generic/pgf/libraries/pgflibraryplothandlers.code.tex
File: pgflibraryplothandlers.code.tex 2019/02/02 v3.1.1 (3.1.1)
\pgf@plot@mark@count=\count333
\pgfplotmarksize=\dimen295
)
\tikz@lastx=\dimen296
\tikz@lasty=\dimen297
\tikz@lastxsaved=\dimen298
\tikz@lastysaved=\dimen299
\tikzleveldistance=\dimen300
\tikzsiblingdistance=\dimen301
\tikz@figbox=\box76
\tikz@figbox@bg=\box77
\tikz@tempbox=\box78
\tikz@tempbox@bg=\box79
\tikztreelevel=\count334
\tikznumberofchildren=\count335
\tikznumberofcurrentchild=\count336
\tikz@fig@count=\count337
 (/usr/share/texmf-dist/tex/generic/pgf/modules/pgfmodulematrix.code.tex
File: pgfmodulematrix.code.tex 2019/02/02 v3.1.1 (3.1.1)
\pgfmatrixcurrentrow=\count338
\pgfmatrixcurrentcolumn=\count339
\pgf@matrix@numberofcolumns=\count340
)
\tikz@expandcount=\count341
 (/usr/share/texmf-dist/tex/generic/pgf/frontendlayer/tikz/libraries/tikzlibrarytopaths.code.tex
File: tikzlibrarytopaths.code.tex 2019/02/02 v3.1.1 (3.1.1)
)))
\metropolis@titleseparator@linewidth=\skip76
\metropolis@progressonsectionpage=\skip77
\metropolis@progressonsectionpage@linewidth=\skip78
\metropolis@blocksep=\skip79
\metropolis@blockadjust=\skip80
\metropolis@parskip=\skip81
) (./beamerouterthememetropolis.sty
Package: beamerouterthememetropolis 2017/01/23 Metropolis outer theme
\metropolis@frametitle@padding=\skip82
\metropolis@progressinheadfoot=\skip83
\metropolis@progressinheadfoot@linewidth=\skip84
) (./beamercolorthememetropolis.sty
Package: beamercolorthememetropolis 2017/01/23 Metropolis color theme
) (./beamerfontthememetropolis.sty
Package: beamerfontthememetropolis 2017/01/23 Metropolis font theme
\c@fontsnotfound=\count342
Requested font "Fira Sans Light" at 10.0pt
 -> @>U
Requested font "Fira Sans Light Italic" at 10.0pt
 ->  >U
Requested font "Fira Sans" at 10.0pt
 -> >U
Requested font "Fira Sans Italic" at 10.0pt
 -> >U
Requested font "Fira Sans Light" at 8.99997pt
 -> ^^P>U
Requested font "Fira Sans Light/OT" at 9.0pt
 -> 0>U
Requested font "Fira Sans/OT" at 9.0pt
 -> >U
Requested font "Fira Sans/OT" at 9.0pt
 -> >U
Requested font "Fira Sans Light Italic/OT" at 9.0pt
 -> >U
Requested font "Fira Sans Italic/OT" at 9.0pt
 -> 

Package fontspec Info: Font family 'FiraSansLight(0)' created for font 'Fira
(fontspec)             Sans Light' with options
(fontspec)             [Ligatures=TeX,ItalicFont={Fira Sans Light
(fontspec)             Italic},BoldFont={Fira Sans},BoldItalicFont={Fira Sans
(fontspec)             Italic}].
(fontspec)              
(fontspec)              This font family consists of the following NFSS
(fontspec)             series/shapes:
(fontspec)              
(fontspec)             - 'normal' (m/n) with NFSS spec.: <->"Fira Sans
(fontspec)             Light/OT:script=latn;language=DFLT;mapping=tex-text;"
(fontspec)             - 'small caps'  (m/sc) with NFSS spec.: <->"Fira Sans
(fontspec)             Light/OT:script=latn;language=DFLT;+smcp;mapping=tex-text;"
(fontspec)             - 'bold' (bx/n) with NFSS spec.: <->"Fira
(fontspec)             Sans/OT:script=latn;language=DFLT;mapping=tex-text;"
(fontspec)             - 'bold small caps'  (bx/sc) with NFSS spec.: <->"Fira
(fontspec)             Sans/OT:script=latn;language=DFLT;+smcp;mapping=tex-text;"
(fontspec)             - 'italic' (m/it) with NFSS spec.: <->"Fira Sans Light
(fontspec)             Italic/OT:script=latn;language=DFLT;mapping=tex-text;"
(fontspec)             - 'italic small caps'  (m/itsc) with NFSS spec.:
(fontspec)             <->"Fira Sans Light
(fontspec)             Italic/OT:script=latn;language=DFLT;+smcp;mapping=tex-text;"
(fontspec)             - 'bold italic' (bx/it) with NFSS spec.: <->"Fira Sans
(fontspec)             Italic/OT:script=latn;language=DFLT;mapping=tex-text;"
(fontspec)             - 'bold italic small caps'  (bx/itsc) with NFSS spec.:
(fontspec)             <->"Fira Sans
(fontspec)             Italic/OT:script=latn;language=DFLT;+smcp;mapping=tex-text;"

LaTeX Info: Redefining \sffamily on input line 95.
Requested font "Fira Mono" at 10.0pt
 -> font not found, using "nullfont"
Requested font "Fira Mono Bold" at 10.0pt
 -> font not found, using "nullfont"
Requested font "Fira Mono OT" at 10.0pt
 -> font not found, using "nullfont"
Requested font "Fira Mono Bold OT" at 10.0pt
 -> font not found, using "nullfont"


Package beamerthememetropolis Warning: Could not find Fira Mono fonts on input line 95.

))

Package hyperref Warning: Token not allowed in a PDF string (Unicode):
(hyperref)                removing `\\' on input line 35.

(./presentazione.aux)
\openout1 = `presentazione.aux'.

LaTeX Font Info:    Checking defaults for OML/cmm/m/it on input line 38.
LaTeX Font Info:    ... okay on input line 38.
LaTeX Font Info:    Checking defaults for T1/cmr/m/n on input line 38.
LaTeX Font Info:    ... okay on input line 38.
LaTeX Font Info:    Checking defaults for OT1/cmr/m/n on input line 38.
LaTeX Font Info:    ... okay on input line 38.
LaTeX Font Info:    Checking defaults for OMS/cmsy/m/n on input line 38.
LaTeX Font Info:    ... okay on input line 38.
LaTeX Font Info:    Checking defaults for TU/lmr/m/n on input line 38.
LaTeX Font Info:    ... okay on input line 38.
LaTeX Font Info:    Checking defaults for OMX/cmex/m/n on input line 38.
LaTeX Font Info:    ... okay on input line 38.
LaTeX Font Info:    Checking defaults for U/cmr/m/n on input line 38.
LaTeX Font Info:    ... okay on input line 38.
LaTeX Font Info:    Checking defaults for PD1/pdf/m/n on input line 38.
LaTeX Font Info:    ... okay on input line 38.
LaTeX Font Info:    Checking defaults for PU/pdf/m/n on input line 38.
LaTeX Font Info:    ... okay on input line 38.
LaTeX Font Info:    Checking defaults for TS1/cmr/m/n on input line 38.
LaTeX Font Info:    Try loading font information for TS1+cmr on input line 38.
 (/usr/share/texmf-dist/tex/latex/base/ts1cmr.fd
File: ts1cmr.fd 2014/09/29 v2.5h Standard LaTeX font definitions
)
LaTeX Font Info:    ... okay on input line 38.

*geometry* driver: auto-detecting
*geometry* detected driver: xetex
*geometry* verbose mode - [ preamble ] result:
* driver: xetex
* paper: custom
* layout: <same size as paper>
* layoutoffset:(h,v)=(0.0pt,0.0pt)
* modes: includehead includefoot 
* h-part:(L,W,R)=(28.45274pt, 307.28987pt, 28.45274pt)
* v-part:(T,H,B)=(0.0pt, 273.14662pt, 0.0pt)
* \paperwidth=364.19536pt
* \paperheight=273.14662pt
* \textwidth=307.28987pt
* \textheight=244.6939pt
* \oddsidemargin=-43.81725pt
* \evensidemargin=-43.81725pt
* \topmargin=-72.26999pt
* \headheight=14.22636pt
* \headsep=0.0pt
* \topskip=9.0pt
* \footskip=14.22636pt
* \marginparwidth=4.0pt
* \marginparsep=10.0pt
* \columnsep=10.0pt
* \skip\footins=8.0pt plus 4.0pt minus 2.0pt
* \hoffset=0.0pt
* \voffset=0.0pt
* \mag=1000
* \@twocolumnfalse
* \@twosidefalse
* \@mparswitchfalse
* \@reversemarginfalse
* (1in=72.27pt=25.4mm, 1cm=28.453pt)

ABD: EveryShipout initializing macros
\AtBeginShipoutBox=\box80
Package hyperref Info: Link coloring OFF on input line 38.
 (/usr/share/texmf-dist/tex/latex/hyperref/nameref.sty
Package: nameref 2016/05/21 v2.44 Cross-referencing by name of section
 (/usr/share/texmf-dist/tex/generic/oberdiek/gettitlestring.sty
Package: gettitlestring 2016/05/16 v1.5 Cleanup title references (HO)
)
\c@section@level=\count343
)
LaTeX Info: Redefining \ref on input line 38.
LaTeX Info: Redefining \pageref on input line 38.
LaTeX Info: Redefining \nameref on input line 38.
 (./presentazione.out) (./presentazione.out)
\@outlinefile=\write5
\openout5 = `presentazione.out'.

LaTeX Font Info:    Overwriting symbol font `operators' in version `normal'
(Font)                  OT1/cmr/m/n --> OT1/cmss/m/n on input line 38.
LaTeX Font Info:    Overwriting symbol font `operators' in version `bold'
(Font)                  OT1/cmr/bx/n --> OT1/cmss/bx/n on input line 38.
\symnumbers=\mathgroup6
\sympureletters=\mathgroup7
LaTeX Font Info:    Overwriting math alphabet `\mathrm' in version `normal'
(Font)                  OT1/cmss/m/n --> TU/lmr/m/n on input line 38.
LaTeX Font Info:    Redeclaring math alphabet \mathbf on input line 38.
LaTeX Font Info:    Overwriting math alphabet `\mathbf' in version `normal'
(Font)                  OT1/cmr/bx/n --> TU/FiraSansLight(0)/bx/n on input line 38.
LaTeX Font Info:    Overwriting math alphabet `\mathbf' in version `bold'
(Font)                  OT1/cmr/bx/n --> TU/FiraSansLight(0)/bx/n on input line 38.
LaTeX Font Info:    Redeclaring math alphabet \mathsf on input line 38.
LaTeX Font Info:    Overwriting math alphabet `\mathsf' in version `normal'
(Font)                  OT1/cmss/m/n --> TU/FiraSansLight(0)/m/n on input line 38.
LaTeX Font Info:    Overwriting math alphabet `\mathsf' in version `bold'
(Font)                  OT1/cmss/bx/n --> TU/FiraSansLight(0)/m/n on input line 38.
LaTeX Font Info:    Redeclaring math alphabet \mathit on input line 38.
LaTeX Font Info:    Overwriting math alphabet `\mathit' in version `normal'
(Font)                  OT1/cmr/m/it --> TU/FiraSansLight(0)/m/it on input line 38.
LaTeX Font Info:    Overwriting math alphabet `\mathit' in version `bold'
(Font)                  OT1/cmr/bx/it --> TU/FiraSansLight(0)/m/it on input line 38.
LaTeX Font Info:    Redeclaring math alphabet \mathtt on input line 38.
LaTeX Font Info:    Overwriting math alphabet `\mathtt' in version `normal'
(Font)                  OT1/cmtt/m/n --> TU/lmtt/m/n on input line 38.
LaTeX Font Info:    Overwriting math alphabet `\mathtt' in version `bold'
(Font)                  OT1/cmtt/m/n --> TU/lmtt/m/n on input line 38.
LaTeX Font Info:    Overwriting symbol font `numbers' in version `bold'
(Font)                  TU/FiraSansLight(0)/m/n --> TU/FiraSansLight(0)/bx/n on input line 38.
LaTeX Font Info:    Overwriting symbol font `pureletters' in version `bold'
(Font)                  TU/FiraSansLight(0)/m/it --> TU/FiraSansLight(0)/bx/it on input line 38.
LaTeX Font Info:    Overwriting math alphabet `\mathrm' in version `bold'
(Font)                  OT1/cmss/bx/n --> TU/lmr/bx/n on input line 38.
LaTeX Font Info:    Overwriting math alphabet `\mathbf' in version `bold'
(Font)                  TU/FiraSansLight(0)/bx/n --> TU/FiraSansLight(0)/bx/n on input line 38.
LaTeX Font Info:    Overwriting math alphabet `\mathsf' in version `bold'
(Font)                  TU/FiraSansLight(0)/m/n --> TU/FiraSansLight(0)/bx/n on input line 38.
LaTeX Font Info:    Overwriting math alphabet `\mathit' in version `bold'
(Font)                  TU/FiraSansLight(0)/m/it --> TU/FiraSansLight(0)/bx/it on input line 38.
LaTeX Font Info:    Overwriting math alphabet `\mathtt' in version `bold'
(Font)                  TU/lmtt/m/n --> TU/lmtt/bx/n on input line 38.
 (/usr/share/texmf-dist/tex/latex/translator/translator-basic-dictionary-English.dict
Dictionary: translator-basic-dictionary, Language: English 
) (/usr/share/texmf-dist/tex/latex/translator/translator-bibliography-dictionary-English.dict
Dictionary: translator-bibliography-dictionary, Language: English 
) (/usr/share/texmf-dist/tex/latex/translator/translator-environment-dictionary-English.dict
Dictionary: translator-environment-dictionary, Language: English 
) (/usr/share/texmf-dist/tex/latex/translator/translator-months-dictionary-English.dict
Dictionary: translator-months-dictionary, Language: English 
) (/usr/share/texmf-dist/tex/latex/translator/translator-numbers-dictionary-English.dict
Dictionary: translator-numbers-dictionary, Language: English 
) (/usr/share/texmf-dist/tex/latex/translator/translator-theorem-dictionary-English.dict
Dictionary: translator-theorem-dictionary, Language: English 
)

Package chemgreek Info: Activating mapping `fontspec' on line 38.


Package fontspec Info: Adjusting the maths setup (use [no-math] to avoid
(fontspec)             this).

\symlegacymaths=\mathgroup8
LaTeX Font Info:    Overwriting symbol font `legacymaths' in version `bold'
(Font)                  OT1/cmr/m/n --> OT1/cmr/bx/n on input line 38.
LaTeX Font Info:    Redeclaring math accent \acute on input line 38.
LaTeX Font Info:    Redeclaring math accent \grave on input line 38.
LaTeX Font Info:    Redeclaring math accent \ddot on input line 38.
LaTeX Font Info:    Redeclaring math accent \tilde on input line 38.
LaTeX Font Info:    Redeclaring math accent \bar on input line 38.
LaTeX Font Info:    Redeclaring math accent \breve on input line 38.
LaTeX Font Info:    Redeclaring math accent \check on input line 38.
LaTeX Font Info:    Redeclaring math accent \hat on input line 38.
LaTeX Font Info:    Redeclaring math accent \dot on input line 38.
LaTeX Font Info:    Redeclaring math accent \mathring on input line 38.
LaTeX Font Info:    Redeclaring math symbol \Gamma on input line 38.
LaTeX Font Info:    Redeclaring math symbol \Delta on input line 38.
LaTeX Font Info:    Redeclaring math symbol \Theta on input line 38.
LaTeX Font Info:    Redeclaring math symbol \Lambda on input line 38.
LaTeX Font Info:    Redeclaring math symbol \Xi on input line 38.
LaTeX Font Info:    Redeclaring math symbol \Pi on input line 38.
LaTeX Font Info:    Redeclaring math symbol \Sigma on input line 38.
LaTeX Font Info:    Redeclaring math symbol \Upsilon on input line 38.
LaTeX Font Info:    Redeclaring math symbol \Phi on input line 38.
LaTeX Font Info:    Redeclaring math symbol \Psi on input line 38.
LaTeX Font Info:    Redeclaring math symbol \Omega on input line 38.
LaTeX Font Info:    Redeclaring math symbol \mathdollar on input line 38.
LaTeX Font Info:    Redeclaring symbol font `operators' on input line 38.
LaTeX Font Info:    Encoding `OT1' has changed to `TU' for symbol font
(Font)              `operators' in the math version `normal' on input line 38.
LaTeX Font Info:    Overwriting symbol font `operators' in version `normal'
(Font)                  OT1/cmss/m/n --> TU/lmr/m/n on input line 38.
LaTeX Font Info:    Encoding `OT1' has changed to `TU' for symbol font
(Font)              `operators' in the math version `bold' on input line 38.
LaTeX Font Info:    Overwriting symbol font `operators' in version `bold'
(Font)                  OT1/cmss/bx/n --> TU/lmr/m/n on input line 38.
LaTeX Font Info:    Overwriting symbol font `operators' in version `normal'
(Font)                  TU/lmr/m/n --> TU/lmr/m/n on input line 38.
LaTeX Font Info:    Redeclaring math alphabet \mathrm on input line 38.
LaTeX Font Info:    Overwriting math alphabet `\mathit' in version `normal'
(Font)                  TU/FiraSansLight(0)/m/it --> TU/lmr/m/it on input line 38.
LaTeX Font Info:    Overwriting math alphabet `\mathbf' in version `normal'
(Font)                  TU/FiraSansLight(0)/bx/n --> TU/lmr/bx/n on input line 38.
LaTeX Font Info:    Overwriting math alphabet `\mathsf' in version `normal'
(Font)                  TU/FiraSansLight(0)/m/n --> TU/FiraSansLight(0)/m/n on input line 38.
LaTeX Font Info:    Overwriting math alphabet `\mathtt' in version `normal'
(Font)                  TU/lmtt/m/n --> TU/lmtt/m/n on input line 38.
LaTeX Font Info:    Overwriting symbol font `operators' in version `bold'
(Font)                  TU/lmr/m/n --> TU/lmr/bx/n on input line 38.
LaTeX Font Info:    Overwriting math alphabet `\mathit' in version `bold'
(Font)                  TU/FiraSansLight(0)/bx/it --> TU/lmr/bx/it on input line 38.
LaTeX Font Info:    Overwriting math alphabet `\mathsf' in version `bold'
(Font)                  TU/FiraSansLight(0)/bx/n --> TU/FiraSansLight(0)/bx/n on input line 38.
LaTeX Font Info:    Overwriting math alphabet `\mathtt' in version `bold'
(Font)                  TU/lmtt/bx/n --> TU/lmtt/bx/n on input line 38.
Package caption Info: Begin \AtBeginDocument code.
Package caption Info: float package is loaded.
Package caption Info: End \AtBeginDocument code.
 (./presentazione.nav)
LaTeX Font Info:    Font shape `TU/FiraSans(0)/m/n' will be
(Font)              scaled to size 5.0pt on input line 38.
Requested font "[FiraSans-Regular.otf]/OT:script=latn;language=DFLT;+pnum;+onum;mapping=tex-text;" at 5.0pt
 -> /usr/share/texmf-dist/fonts/opentype/public/fira/FiraSans-Regular.otf
LaTeX Font Info:    Font shape `TU/FiraSans(0)/m/n' will be
(Font)              scaled to size 10.95pt on input line 42.
Requested font "[FiraSans-Regular.otf]/OT:script=latn;language=DFLT;+pnum;+onum;mapping=tex-text;" at 10.95pt
 -> /usr/share/texmf-dist/fonts/opentype/public/fira/FiraSans-Regular.otf
LaTeX Font Info:    Font shape `TU/FiraSans(0)/bx/n' will be
(Font)              scaled to size 10.95pt on input line 42.
Requested font "[FiraSans-Bold.otf]/OT:script=latn;language=DFLT;+pnum;+onum;mapping=tex-text;" at 10.95pt
 -> /usr/share/texmf-dist/fonts/opentype/public/fira/FiraSans-Bold.otf
LaTeX Font Info:    Font shape `TU/FiraSans(0)/m/n' will be
(Font)              scaled to size 8.0pt on input line 42.
Requested font "[FiraSans-Regular.otf]/OT:script=latn;language=DFLT;+pnum;+onum;mapping=tex-text;" at 8.0pt
 -> /usr/share/texmf-dist/fonts/opentype/public/fira/FiraSans-Regular.otf

Overfull \vbox (17.59242pt too high) detected at line 42
 []

LaTeX Font Info:    Font shape `TU/FiraSans(0)/m/n' will be
(Font)              scaled to size 4.0pt on input line 42.
Requested font "[FiraSans-Regular.otf]/OT:script=latn;language=DFLT;+pnum;+onum;mapping=tex-text;" at 4.0pt
 -> /usr/share/texmf-dist/fonts/opentype/public/fira/FiraSans-Regular.otf
[1

]
LaTeX Font Info:    Font shape `TU/FiraSans(0)/bx/n' will be
(Font)              scaled to size 9.0pt on input line 60.
Requested font "[FiraSans-Bold.otf]/OT:script=latn;language=DFLT;+pnum;+onum;mapping=tex-text;" at 9.0pt
 -> /usr/share/texmf-dist/fonts/opentype/public/fira/FiraSans-Bold.otf
Requested font "[lmroman6-regular]:mapping=tex-text;" at 6.0pt
 -> /usr/share/texmf-dist/fonts/opentype/public/lm/lmroman6-regular.otf
Requested font "[lmroman5-regular]:mapping=tex-text;" at 5.0pt
 -> /usr/share/texmf-dist/fonts/opentype/public/lm/lmroman5-regular.otf
Requested font "cmmi9" at 9.0pt
 -> /usr/share/texmf-dist/fonts/tfm/public/cm/cmmi9.tfm
Requested font "cmmi6" at 6.0pt
 -> /usr/share/texmf-dist/fonts/tfm/public/cm/cmmi6.tfm
Requested font "cmsy9" at 9.0pt
 -> /usr/share/texmf-dist/fonts/tfm/public/cm/cmsy9.tfm
Requested font "cmsy6" at 6.0pt
 -> /usr/share/texmf-dist/fonts/tfm/public/cm/cmsy6.tfm
Requested font "cmex9" at 9.0pt
 -> /usr/share/texmf-dist/fonts/tfm/public/amsfonts/cmextra/cmex9.tfm
Requested font "cmex7" at 6.0pt
 -> /usr/share/texmf-dist/fonts/tfm/public/amsfonts/cmextra/cmex7.tfm
Requested font "cmex7" at 5.0pt
 -> /usr/share/texmf-dist/fonts/tfm/public/amsfonts/cmextra/cmex7.tfm
LaTeX Font Info:    Try loading font information for U+msa on input line 60.
 (/usr/share/texmf-dist/tex/latex/amsfonts/umsa.fd
File: umsa.fd 2013/01/14 v3.01 AMS symbols A
)
Requested font "msam10" at 9.0pt
 -> /usr/share/texmf-dist/fonts/tfm/public/amsfonts/symbols/msam10.tfm
Requested font "msam7" at 6.0pt
 -> /usr/share/texmf-dist/fonts/tfm/public/amsfonts/symbols/msam7.tfm
Requested font "msam5" at 5.0pt
 -> /usr/share/texmf-dist/fonts/tfm/public/amsfonts/symbols/msam5.tfm
LaTeX Font Info:    Try loading font information for U+msb on input line 60.
 (/usr/share/texmf-dist/tex/latex/amsfonts/umsb.fd
File: umsb.fd 2013/01/14 v3.01 AMS symbols B
)
Requested font "msbm10" at 9.0pt
 -> /usr/share/texmf-dist/fonts/tfm/public/amsfonts/symbols/msbm10.tfm
Requested font "msbm7" at 6.0pt
 -> /usr/share/texmf-dist/fonts/tfm/public/amsfonts/symbols/msbm7.tfm
Requested font "msbm5" at 5.0pt
 -> /usr/share/texmf-dist/fonts/tfm/public/amsfonts/symbols/msbm5.tfm
Requested font "Fira Sans Light/OT:script=latn;language=DFLT;mapping=tex-text;" at 9.0pt
 -> 
Requested font "Fira Sans Light/OT:script=latn;language=DFLT;mapping=tex-text;" at 6.0pt
 -> 
Requested font "Fira Sans Light/OT:script=latn;language=DFLT;mapping=tex-text;" at 5.0pt
 -> 
Requested font "Fira Sans Light Italic/OT:script=latn;language=DFLT;mapping=tex-text;" at 9.0pt
 -> '?U
Requested font "Fira Sans Light Italic/OT:script=latn;language=DFLT;mapping=tex-text;" at 6.0pt
 -> 
Requested font "Fira Sans Light Italic/OT:script=latn;language=DFLT;mapping=tex-text;" at 5.0pt
 -> 
Requested font "cmr9" at 9.0pt
 -> /usr/share/texmf-dist/fonts/tfm/public/cm/cmr9.tfm
Requested font "cmr6" at 6.0pt
 -> /usr/share/texmf-dist/fonts/tfm/public/cm/cmr6.tfm
LaTeX Font Info:    Font shape `TU/FiraSans(0)/m/n' will be
(Font)              scaled to size 6.0pt on input line 60.
Requested font "[FiraSans-Regular.otf]/OT:script=latn;language=DFLT;+pnum;+onum;mapping=tex-text;" at 6.0pt
 -> /usr/share/texmf-dist/fonts/opentype/public/fira/FiraSans-Regular.otf
LaTeX Font Info:    Font shape `TU/FiraSans(0)/m/n' will be
(Font)              scaled to size 7.0pt on input line 60.
Requested font "[FiraSans-Regular.otf]/OT:script=latn;language=DFLT;+pnum;+onum;mapping=tex-text;" at 7.0pt
 -> /usr/share/texmf-dist/fonts/opentype/public/fira/FiraSans-Regular.otf
Requested font "[lmroman7-regular]:mapping=tex-text;" at 7.0pt
 -> /usr/share/texmf-dist/fonts/opentype/public/lm/lmroman7-regular.otf
Requested font "cmex7" at 7.0pt
 -> /usr/share/texmf-dist/fonts/tfm/public/amsfonts/cmextra/cmex7.tfm
Requested font "msam7" at 7.0pt
 -> /usr/share/texmf-dist/fonts/tfm/public/amsfonts/symbols/msam7.tfm
Requested font "msbm7" at 7.0pt
 -> /usr/share/texmf-dist/fonts/tfm/public/amsfonts/symbols/msbm7.tfm
Requested font "Fira Sans Light/OT:script=latn;language=DFLT;mapping=tex-text;" at 7.0pt
 -> 
Requested font "Fira Sans Light Italic/OT:script=latn;language=DFLT;mapping=tex-text;" at 7.0pt
 -> `;?U
LaTeX Font Info:    Font shape `TU/FiraSans(0)/m/n' will be
(Font)              scaled to size 10.0pt on input line 60.
Requested font "[FiraSans-Regular.otf]/OT:script=latn;language=DFLT;+pnum;+onum;mapping=tex-text;" at 10.0pt
 -> /usr/share/texmf-dist/fonts/opentype/public/fira/FiraSans-Regular.otf
LaTeX Font Info:    Font shape `TU/FiraSans(0)/bx/n' will be
(Font)              scaled to size 10.0pt on input line 60.
Requested font "[FiraSans-Bold.otf]/OT:script=latn;language=DFLT;+pnum;+onum;mapping=tex-text;" at 10.0pt
 -> /usr/share/texmf-dist/fonts/opentype/public/fira/FiraSans-Bold.otf
 [2

]
File: immagini/APP.png Graphic file (type bmp)
<immagini/APP.png>
Requested font "[lmroman10-regular]:mapping=tex-text;" at 10.0pt
 -> /usr/share/texmf-dist/fonts/opentype/public/lm/lmroman10-regular.otf
Requested font "msam10" at 10.0pt
 -> /usr/share/texmf-dist/fonts/tfm/public/amsfonts/symbols/msam10.tfm
Requested font "msbm10" at 10.0pt
 -> /usr/share/texmf-dist/fonts/tfm/public/amsfonts/symbols/msbm10.tfm
Requested font "Fira Sans Light/OT:script=latn;language=DFLT;mapping=tex-text;" at 10.0pt
 -> ^^_?U
Requested font "Fira Sans Light Italic/OT:script=latn;language=DFLT;mapping=tex-text;" at 10.0pt
 -> 
 [3

] [4

]
File: immagini/resveratrolo.png Graphic file (type bmp)
<immagini/resveratrolo.png>
 [5

]
File: immagini/totale_resveratrolo.png Graphic file (type bmp)
<immagini/totale_resveratrolo.png>
 [6

]
File: immagini/heck.png Graphic file (type bmp)
<immagini/heck.png>
 [7

]
File: immagini/risache_resveratrolo.png Graphic file (type bmp)
<immagini/risache_resveratrolo.png>
File: immagini/risbuche_resveratrolo.png Graphic file (type bmp)
<immagini/risbuche_resveratrolo.png>
 [8

]
File: immagini/apo_resveratrolo.png Graphic file (type bmp)
<immagini/apo_resveratrolo.png>
File: immagini/roi_resveratrolo.png Graphic file (type bmp)
<immagini/roi_resveratrolo.png>
 [9

]
File: immagini/curcumina.png Graphic file (type bmp)
<immagini/curcumina.png>
 [10

]
File: immagini/generale_curcdone.png Graphic file (type bmp)
<immagini/generale_curcdone.png>
 [11

]
File: immagini/farmadone_curcdone.png Graphic file (type bmp)
<immagini/farmadone_curcdone.png>
File: immagini/farmacurc_curcdone.png Graphic file (type bmp)
<immagini/farmacurc_curcdone.png>
 [12

]
File: immagini/condserie1_curcdone.png Graphic file (type bmp)
<immagini/condserie1_curcdone.png>
File: immagini/condserie2_curcdone.png Graphic file (type bmp)
<immagini/condserie2_curcdone.png>

Overfull \vbox (4.49231pt too high) detected at line 271
 []

[13

]
File: immagini/tabellacomposti_curcdone.png Graphic file (type bmp)
<immagini/tabellacomposti_curcdone.png>
File: immagini/roi_curcdone.png Graphic file (type bmp)
<immagini/roi_curcdone.png>
File: immagini/selfab_curcdone.png Graphic file (type bmp)
<immagini/selfab_curcdone.png>
Requested font "[lmroman8-regular]:mapping=tex-text;" at 8.0pt
 -> /usr/share/texmf-dist/fonts/opentype/public/lm/lmroman8-regular.otf
Requested font "cmmi8" at 8.0pt
 -> /usr/share/texmf-dist/fonts/tfm/public/cm/cmmi8.tfm
Requested font "cmsy8" at 8.0pt
 -> /usr/share/texmf-dist/fonts/tfm/public/cm/cmsy8.tfm
Requested font "cmex8" at 8.0pt
 -> /usr/share/texmf-dist/fonts/tfm/public/amsfonts/cmextra/cmex8.tfm
Requested font "msam10" at 8.0pt
 -> /usr/share/texmf-dist/fonts/tfm/public/amsfonts/symbols/msam10.tfm
Requested font "msbm10" at 8.0pt
 -> /usr/share/texmf-dist/fonts/tfm/public/amsfonts/symbols/msbm10.tfm
Requested font "Fira Sans Light/OT:script=latn;language=DFLT;mapping=tex-text;" at 8.0pt
 -> 
Requested font "Fira Sans Light Italic/OT:script=latn;language=DFLT;mapping=tex-text;" at 8.0pt
 -> *b?U
Requested font "cmr8" at 8.0pt
 -> /usr/share/texmf-dist/fonts/tfm/public/cm/cmr8.tfm
 [14

]
File: immagini/bpy.png Graphic file (type bmp)
<immagini/bpy.png>
 [15

]
File: immagini/stille.png Graphic file (type bmp)
<immagini/stille.png>
 [16

]
File: immagini/rea_g.png Graphic file (type bmp)
<immagini/rea_g.png>
 [17

]
File: immagini/ris_bpy2.png Graphic file (type bmp)
<immagini/ris_bpy2.png>
 [18

] [19

]
\tf@nav=\write6
\openout6 = `presentazione.nav'.

\tf@toc=\write7
\openout7 = `presentazione.toc'.

\tf@snm=\write8
\openout8 = `presentazione.snm'.

Package atveryend Info: Empty hook `BeforeClearDocument' on input line 374.
Package atveryend Info: Empty hook `AfterLastShipout' on input line 374.
 (./presentazione.aux)
Package atveryend Info: Empty hook `AtVeryEndDocument' on input line 374.
Package atveryend Info: Executing hook `AtEndAfterFileList' on input line 374.
Package rerunfilecheck Info: File `presentazione.out' has not changed.
(rerunfilecheck)             Checksum: D41D8CD98F00B204E9800998ECF8427E.
 ) 
Here is how much of TeX's memory you used:
 37930 strings out of 492933
 774194 string characters out of 6138667
 863703 words of memory out of 5000000
 41263 multiletter control sequences out of 15000+600000
 540316 words of font info for 126 fonts, out of 8000000 for 9000
 1348 hyphenation exceptions out of 8191
 71i,13n,108p,1856b,799s stack positions out of 5000i,500n,10000p,200000b,80000s

Output written on presentazione.xdv (19 pages, 134968 bytes).
